<?xml version="1.0" encoding="UTF-8"?>
<!-- Generated by org.testng.reporters.JUnitXMLReporter -->
<testsuite ignored="2" hostname="DESKTOP-LJUN8GS" failures="0" tests="8" name="Test" time="6.686" errors="0" timestamp="2023-04-16T22:14:36 EET">
  <testcase classname="productstestcases.Functional" name="checkaddtocart" time="2.045"/>
  <testcase classname="productstestcases.Functional" name="filterPriceHighToLow" time="0.431"/>
  <testcase classname="productstestcases.Functional" name="filterPriceLowToHigh" time="0.39"/>
  <testcase classname="productstestcases.Functional" name="filternames_AZ" time="0.357"/>
  <testcase classname="productstestcases.Functional" name="filternames_ZA" time="0.376"/>
  <testcase classname="productstestcases.Functional" name="productClick" time="0.569"/>
  <testcase classname="productstestcases.UITestCases" name="checkProductItemsUI" time="0.438"/>
  <testcase classname="productstestcases.UITestCases" name="checkUIContent" time="0.395"/>
  <testcase classname="base.SetupDriver" name="@AfterTest tear_down" time="0.0">
    <ignored/>
  </testcase> <!-- @AfterTest tear_down -->
  <testcase classname="base.SetupDriver" name="@BeforeTest setup" time="0.0">
    <ignored/>
  </testcase> <!-- @BeforeTest setup -->
</testsuite> <!-- Test -->
