<?xml version="1.0" encoding="UTF-8"?>
<!-- Generated by org.testng.reporters.JUnitXMLReporter -->
<testsuite ignored="2" hostname="DESKTOP-LJUN8GS" failures="0" tests="1" name="Default test" time="3.627" errors="0" timestamp="2023-04-17T21:17:39 EET">
  <testcase classname="carttestcases.Functional" name="testChecOutBbtn" time="1.951"/>
  <testcase classname="carttestcases.Functional" name="testRemoveBtn" time="0.0">
    <ignored/>
  </testcase> <!-- testRemoveBtn -->
  <testcase classname="carttestcases.Functional" name="testContinueShoppingBtn" time="0.0">
    <ignored/>
  </testcase> <!-- testContinueShoppingBtn -->
</testsuite> <!-- Default test -->
