<?xml version="1.0" encoding="UTF-8"?>
<testng-results ignored="0" total="100" passed="100" failed="0" skipped="0">
  <reporter-output>
  </reporter-output>
  <suite started-at="2023-04-17T21:20:56 EET" name="Suite" finished-at="2023-04-17T21:25:30 EET" duration-ms="274025">
    <groups>
    </groups>
    <test started-at="2023-04-17T21:20:56 EET" name="test" finished-at="2023-04-17T21:25:30 EET" duration-ms="274025">
      <class name="productstestcases.UI">
        <test-method is-config="true" signature="setup()[pri:0, instance:productstestcases.UI@750e2b97]" started-at="2023-04-17T21:21:38 EET" name="setup" finished-at="2023-04-17T21:21:39 EET" duration-ms="715" status="PASS">
          <reporter-output>
          </reporter-output>
        </test-method> <!-- setup -->
        <test-method signature="checkProductItemsUI()[pri:0, instance:productstestcases.UI@750e2b97]" started-at="2023-04-17T21:21:39 EET" name="checkProductItemsUI" description="check inProduct page UI" finished-at="2023-04-17T21:21:40 EET" duration-ms="1384" status="PASS">
          <reporter-output>
          </reporter-output>
        </test-method> <!-- checkProductItemsUI -->
        <test-method is-config="true" signature="tear_down()[pri:0, instance:productstestcases.UI@750e2b97]" started-at="2023-04-17T21:21:40 EET" name="tear_down" finished-at="2023-04-17T21:21:40 EET" duration-ms="102" status="PASS">
          <reporter-output>
          </reporter-output>
        </test-method> <!-- tear_down -->
        <test-method is-config="true" signature="setup()[pri:0, instance:productstestcases.UI@750e2b97]" started-at="2023-04-17T21:21:40 EET" name="setup" finished-at="2023-04-17T21:21:41 EET" duration-ms="761" status="PASS">
          <reporter-output>
          </reporter-output>
        </test-method> <!-- setup -->
        <test-method signature="checkProductItemsUIBackBtn()[pri:0, instance:productstestcases.UI@750e2b97]" started-at="2023-04-17T21:21:41 EET" name="checkProductItemsUIBackBtn" description="check inProduct page UI back btn" finished-at="2023-04-17T21:21:42 EET" duration-ms="1342" status="PASS">
          <reporter-output>
          </reporter-output>
        </test-method> <!-- checkProductItemsUIBackBtn -->
        <test-method is-config="true" signature="tear_down()[pri:0, instance:productstestcases.UI@750e2b97]" started-at="2023-04-17T21:21:42 EET" name="tear_down" finished-at="2023-04-17T21:21:42 EET" duration-ms="98" status="PASS">
          <reporter-output>
          </reporter-output>
        </test-method> <!-- tear_down -->
        <test-method is-config="true" signature="setup()[pri:0, instance:productstestcases.UI@750e2b97]" started-at="2023-04-17T21:21:42 EET" name="setup" finished-at="2023-04-17T21:21:43 EET" duration-ms="702" status="PASS">
          <reporter-output>
          </reporter-output>
        </test-method> <!-- setup -->
        <test-method signature="checkProductItemsUICart()[pri:0, instance:productstestcases.UI@750e2b97]" started-at="2023-04-17T21:21:43 EET" name="checkProductItemsUICart" description="check inProduct page UI cart" finished-at="2023-04-17T21:21:44 EET" duration-ms="1374" status="PASS">
          <reporter-output>
          </reporter-output>
        </test-method> <!-- checkProductItemsUICart -->
        <test-method is-config="true" signature="tear_down()[pri:0, instance:productstestcases.UI@750e2b97]" started-at="2023-04-17T21:21:44 EET" name="tear_down" finished-at="2023-04-17T21:21:44 EET" duration-ms="101" status="PASS">
          <reporter-output>
          </reporter-output>
        </test-method> <!-- tear_down -->
        <test-method is-config="true" signature="setup()[pri:0, instance:productstestcases.UI@750e2b97]" started-at="2023-04-17T21:21:44 EET" name="setup" finished-at="2023-04-17T21:21:45 EET" duration-ms="787" status="PASS">
          <reporter-output>
          </reporter-output>
        </test-method> <!-- setup -->
        <test-method signature="checkProductItemsUIFaceBookBtn()[pri:0, instance:productstestcases.UI@750e2b97]" started-at="2023-04-17T21:21:45 EET" name="checkProductItemsUIFaceBookBtn" description="check inProduct page UI facebook" finished-at="2023-04-17T21:21:48 EET" duration-ms="2990" status="PASS">
          <reporter-output>
          </reporter-output>
        </test-method> <!-- checkProductItemsUIFaceBookBtn -->
        <test-method is-config="true" signature="tear_down()[pri:0, instance:productstestcases.UI@750e2b97]" started-at="2023-04-17T21:21:48 EET" name="tear_down" finished-at="2023-04-17T21:21:48 EET" duration-ms="101" status="PASS">
          <reporter-output>
          </reporter-output>
        </test-method> <!-- tear_down -->
        <test-method is-config="true" signature="setup()[pri:0, instance:productstestcases.UI@750e2b97]" started-at="2023-04-17T21:21:48 EET" name="setup" finished-at="2023-04-17T21:21:49 EET" duration-ms="699" status="PASS">
          <reporter-output>
          </reporter-output>
        </test-method> <!-- setup -->
        <test-method signature="checkProductItemsUIImg()[pri:0, instance:productstestcases.UI@750e2b97]" started-at="2023-04-17T21:21:49 EET" name="checkProductItemsUIImg" description="check inProduct page UI img " finished-at="2023-04-17T21:21:50 EET" duration-ms="1401" status="PASS">
          <reporter-output>
          </reporter-output>
        </test-method> <!-- checkProductItemsUIImg -->
        <test-method is-config="true" signature="tear_down()[pri:0, instance:productstestcases.UI@750e2b97]" started-at="2023-04-17T21:21:50 EET" name="tear_down" finished-at="2023-04-17T21:21:51 EET" duration-ms="100" status="PASS">
          <reporter-output>
          </reporter-output>
        </test-method> <!-- tear_down -->
        <test-method is-config="true" signature="setup()[pri:0, instance:productstestcases.UI@750e2b97]" started-at="2023-04-17T21:21:51 EET" name="setup" finished-at="2023-04-17T21:21:51 EET" duration-ms="710" status="PASS">
          <reporter-output>
          </reporter-output>
        </test-method> <!-- setup -->
        <test-method signature="checkProductItemsUILinkedInBtn()[pri:0, instance:productstestcases.UI@750e2b97]" started-at="2023-04-17T21:21:51 EET" name="checkProductItemsUILinkedInBtn" description="check inProduct page UI linkenin" finished-at="2023-04-17T21:21:53 EET" duration-ms="1330" status="PASS">
          <reporter-output>
          </reporter-output>
        </test-method> <!-- checkProductItemsUILinkedInBtn -->
        <test-method is-config="true" signature="tear_down()[pri:0, instance:productstestcases.UI@750e2b97]" started-at="2023-04-17T21:21:53 EET" name="tear_down" finished-at="2023-04-17T21:21:53 EET" duration-ms="44" status="PASS">
          <reporter-output>
          </reporter-output>
        </test-method> <!-- tear_down -->
        <test-method is-config="true" signature="setup()[pri:0, instance:productstestcases.UI@750e2b97]" started-at="2023-04-17T21:21:53 EET" name="setup" finished-at="2023-04-17T21:21:53 EET" duration-ms="776" status="PASS">
          <reporter-output>
          </reporter-output>
        </test-method> <!-- setup -->
        <test-method signature="checkProductItemsUIMenu()[pri:0, instance:productstestcases.UI@750e2b97]" started-at="2023-04-17T21:21:53 EET" name="checkProductItemsUIMenu" description="check inProduct page UI menu" finished-at="2023-04-17T21:21:55 EET" duration-ms="1346" status="PASS">
          <reporter-output>
          </reporter-output>
        </test-method> <!-- checkProductItemsUIMenu -->
        <test-method is-config="true" signature="tear_down()[pri:0, instance:productstestcases.UI@750e2b97]" started-at="2023-04-17T21:21:55 EET" name="tear_down" finished-at="2023-04-17T21:21:55 EET" duration-ms="109" status="PASS">
          <reporter-output>
          </reporter-output>
        </test-method> <!-- tear_down -->
        <test-method is-config="true" signature="setup()[pri:0, instance:productstestcases.UI@750e2b97]" started-at="2023-04-17T21:21:55 EET" name="setup" finished-at="2023-04-17T21:21:56 EET" duration-ms="777" status="PASS">
          <reporter-output>
          </reporter-output>
        </test-method> <!-- setup -->
        <test-method signature="checkProductItemsUIPriceTag()[pri:0, instance:productstestcases.UI@750e2b97]" started-at="2023-04-17T21:21:56 EET" name="checkProductItemsUIPriceTag" description="check inProduct page UI price tag" finished-at="2023-04-17T21:21:57 EET" duration-ms="1393" status="PASS">
          <reporter-output>
          </reporter-output>
        </test-method> <!-- checkProductItemsUIPriceTag -->
        <test-method is-config="true" signature="tear_down()[pri:0, instance:productstestcases.UI@750e2b97]" started-at="2023-04-17T21:21:57 EET" name="tear_down" finished-at="2023-04-17T21:21:57 EET" duration-ms="96" status="PASS">
          <reporter-output>
          </reporter-output>
        </test-method> <!-- tear_down -->
        <test-method is-config="true" signature="setup()[pri:0, instance:productstestcases.UI@750e2b97]" started-at="2023-04-17T21:21:57 EET" name="setup" finished-at="2023-04-17T21:21:58 EET" duration-ms="698" status="PASS">
          <reporter-output>
          </reporter-output>
        </test-method> <!-- setup -->
        <test-method signature="checkProductItemsUITwitter()[pri:0, instance:productstestcases.UI@750e2b97]" started-at="2023-04-17T21:21:58 EET" name="checkProductItemsUITwitter" description="check inProduct page UI twitter" finished-at="2023-04-17T21:21:59 EET" duration-ms="1343" status="PASS">
          <reporter-output>
          </reporter-output>
        </test-method> <!-- checkProductItemsUITwitter -->
        <test-method is-config="true" signature="tear_down()[pri:0, instance:productstestcases.UI@750e2b97]" started-at="2023-04-17T21:21:59 EET" name="tear_down" finished-at="2023-04-17T21:21:59 EET" duration-ms="96" status="PASS">
          <reporter-output>
          </reporter-output>
        </test-method> <!-- tear_down -->
        <test-method is-config="true" signature="setup()[pri:0, instance:productstestcases.UI@750e2b97]" started-at="2023-04-17T21:21:59 EET" name="setup" finished-at="2023-04-17T21:22:00 EET" duration-ms="699" status="PASS">
          <reporter-output>
          </reporter-output>
        </test-method> <!-- setup -->
        <test-method signature="checkUIContent()[pri:0, instance:productstestcases.UI@750e2b97]" started-at="2023-04-17T21:22:00 EET" name="checkUIContent" description="check inventoty UI logo" finished-at="2023-04-17T21:22:01 EET" duration-ms="1313" status="PASS">
          <reporter-output>
          </reporter-output>
        </test-method> <!-- checkUIContent -->
        <test-method is-config="true" signature="tear_down()[pri:0, instance:productstestcases.UI@750e2b97]" started-at="2023-04-17T21:22:01 EET" name="tear_down" finished-at="2023-04-17T21:22:01 EET" duration-ms="92" status="PASS">
          <reporter-output>
          </reporter-output>
        </test-method> <!-- tear_down -->
        <test-method is-config="true" signature="setup()[pri:0, instance:productstestcases.UI@750e2b97]" started-at="2023-04-17T21:22:01 EET" name="setup" finished-at="2023-04-17T21:22:02 EET" duration-ms="762" status="PASS">
          <reporter-output>
          </reporter-output>
        </test-method> <!-- setup -->
        <test-method signature="checkUIContentCart()[pri:0, instance:productstestcases.UI@750e2b97]" started-at="2023-04-17T21:22:02 EET" name="checkUIContentCart" description="check inventoty UI cart" finished-at="2023-04-17T21:22:03 EET" duration-ms="1282" status="PASS">
          <reporter-output>
          </reporter-output>
        </test-method> <!-- checkUIContentCart -->
        <test-method is-config="true" signature="tear_down()[pri:0, instance:productstestcases.UI@750e2b97]" started-at="2023-04-17T21:22:03 EET" name="tear_down" finished-at="2023-04-17T21:22:04 EET" duration-ms="98" status="PASS">
          <reporter-output>
          </reporter-output>
        </test-method> <!-- tear_down -->
        <test-method is-config="true" signature="setup()[pri:0, instance:productstestcases.UI@750e2b97]" started-at="2023-04-17T21:22:04 EET" name="setup" finished-at="2023-04-17T21:22:04 EET" duration-ms="775" status="PASS">
          <reporter-output>
          </reporter-output>
        </test-method> <!-- setup -->
        <test-method signature="checkUIContentFaceBookBtn()[pri:0, instance:productstestcases.UI@750e2b97]" started-at="2023-04-17T21:22:04 EET" name="checkUIContentFaceBookBtn" description="check inventoty UI facebook" finished-at="2023-04-17T21:22:06 EET" duration-ms="1317" status="PASS">
          <reporter-output>
          </reporter-output>
        </test-method> <!-- checkUIContentFaceBookBtn -->
        <test-method is-config="true" signature="tear_down()[pri:0, instance:productstestcases.UI@750e2b97]" started-at="2023-04-17T21:22:06 EET" name="tear_down" finished-at="2023-04-17T21:22:06 EET" duration-ms="101" status="PASS">
          <reporter-output>
          </reporter-output>
        </test-method> <!-- tear_down -->
        <test-method is-config="true" signature="setup()[pri:0, instance:productstestcases.UI@750e2b97]" started-at="2023-04-17T21:22:06 EET" name="setup" finished-at="2023-04-17T21:22:06 EET" duration-ms="704" status="PASS">
          <reporter-output>
          </reporter-output>
        </test-method> <!-- setup -->
        <test-method signature="checkUIContentFilter()[pri:0, instance:productstestcases.UI@750e2b97]" started-at="2023-04-17T21:22:06 EET" name="checkUIContentFilter" description="check inventoty UI filter" finished-at="2023-04-17T21:22:08 EET" duration-ms="1299" status="PASS">
          <reporter-output>
          </reporter-output>
        </test-method> <!-- checkUIContentFilter -->
        <test-method is-config="true" signature="tear_down()[pri:0, instance:productstestcases.UI@750e2b97]" started-at="2023-04-17T21:22:08 EET" name="tear_down" finished-at="2023-04-17T21:22:08 EET" duration-ms="98" status="PASS">
          <reporter-output>
          </reporter-output>
        </test-method> <!-- tear_down -->
        <test-method is-config="true" signature="setup()[pri:0, instance:productstestcases.UI@750e2b97]" started-at="2023-04-17T21:22:08 EET" name="setup" finished-at="2023-04-17T21:22:09 EET" duration-ms="777" status="PASS">
          <reporter-output>
          </reporter-output>
        </test-method> <!-- setup -->
        <test-method signature="checkUIContentLinkedInBtn()[pri:0, instance:productstestcases.UI@750e2b97]" started-at="2023-04-17T21:22:09 EET" name="checkUIContentLinkedInBtn" description="check inventoty UI linkedin btn" finished-at="2023-04-17T21:22:10 EET" duration-ms="1474" status="PASS">
          <reporter-output>
          </reporter-output>
        </test-method> <!-- checkUIContentLinkedInBtn -->
        <test-method is-config="true" signature="tear_down()[pri:0, instance:productstestcases.UI@750e2b97]" started-at="2023-04-17T21:22:10 EET" name="tear_down" finished-at="2023-04-17T21:22:10 EET" duration-ms="97" status="PASS">
          <reporter-output>
          </reporter-output>
        </test-method> <!-- tear_down -->
        <test-method is-config="true" signature="setup()[pri:0, instance:productstestcases.UI@750e2b97]" started-at="2023-04-17T21:22:10 EET" name="setup" finished-at="2023-04-17T21:22:11 EET" duration-ms="715" status="PASS">
          <reporter-output>
          </reporter-output>
        </test-method> <!-- setup -->
        <test-method signature="checkUIContentMenu()[pri:0, instance:productstestcases.UI@750e2b97]" started-at="2023-04-17T21:22:11 EET" name="checkUIContentMenu" description="check inventoty UI menu " finished-at="2023-04-17T21:22:12 EET" duration-ms="1337" status="PASS">
          <reporter-output>
          </reporter-output>
        </test-method> <!-- checkUIContentMenu -->
        <test-method is-config="true" signature="tear_down()[pri:0, instance:productstestcases.UI@750e2b97]" started-at="2023-04-17T21:22:12 EET" name="tear_down" finished-at="2023-04-17T21:22:12 EET" duration-ms="91" status="PASS">
          <reporter-output>
          </reporter-output>
        </test-method> <!-- tear_down -->
        <test-method is-config="true" signature="setup()[pri:0, instance:productstestcases.UI@750e2b97]" started-at="2023-04-17T21:22:12 EET" name="setup" finished-at="2023-04-17T21:22:13 EET" duration-ms="699" status="PASS">
          <reporter-output>
          </reporter-output>
        </test-method> <!-- setup -->
        <test-method signature="checkUIContentPriceTag()[pri:0, instance:productstestcases.UI@750e2b97]" started-at="2023-04-17T21:22:13 EET" name="checkUIContentPriceTag" description="check inventoty UI price tag" finished-at="2023-04-17T21:22:15 EET" duration-ms="1607" status="PASS">
          <reporter-output>
          </reporter-output>
        </test-method> <!-- checkUIContentPriceTag -->
        <test-method is-config="true" signature="tear_down()[pri:0, instance:productstestcases.UI@750e2b97]" started-at="2023-04-17T21:22:15 EET" name="tear_down" finished-at="2023-04-17T21:22:15 EET" duration-ms="100" status="PASS">
          <reporter-output>
          </reporter-output>
        </test-method> <!-- tear_down -->
        <test-method is-config="true" signature="setup()[pri:0, instance:productstestcases.UI@750e2b97]" started-at="2023-04-17T21:22:15 EET" name="setup" finished-at="2023-04-17T21:22:15 EET" duration-ms="765" status="PASS">
          <reporter-output>
          </reporter-output>
        </test-method> <!-- setup -->
        <test-method signature="checkUIContentProducts()[pri:0, instance:productstestcases.UI@750e2b97]" started-at="2023-04-17T21:22:15 EET" name="checkUIContentProducts" description="check inventoty UI products " finished-at="2023-04-17T21:22:17 EET" duration-ms="1284" status="PASS">
          <reporter-output>
          </reporter-output>
        </test-method> <!-- checkUIContentProducts -->
        <test-method is-config="true" signature="tear_down()[pri:0, instance:productstestcases.UI@750e2b97]" started-at="2023-04-17T21:22:17 EET" name="tear_down" finished-at="2023-04-17T21:22:17 EET" duration-ms="102" status="PASS">
          <reporter-output>
          </reporter-output>
        </test-method> <!-- tear_down -->
        <test-method is-config="true" signature="setup()[pri:0, instance:productstestcases.UI@750e2b97]" started-at="2023-04-17T21:22:17 EET" name="setup" finished-at="2023-04-17T21:22:18 EET" duration-ms="711" status="PASS">
          <reporter-output>
          </reporter-output>
        </test-method> <!-- setup -->
        <test-method signature="checkUIContentTwitterBtn()[pri:0, instance:productstestcases.UI@750e2b97]" started-at="2023-04-17T21:22:18 EET" name="checkUIContentTwitterBtn" description="check inventoty UI twitter" finished-at="2023-04-17T21:22:19 EET" duration-ms="1490" status="PASS">
          <reporter-output>
          </reporter-output>
        </test-method> <!-- checkUIContentTwitterBtn -->
        <test-method is-config="true" signature="tear_down()[pri:0, instance:productstestcases.UI@750e2b97]" started-at="2023-04-17T21:22:19 EET" name="tear_down" finished-at="2023-04-17T21:22:19 EET" duration-ms="98" status="PASS">
          <reporter-output>
          </reporter-output>
        </test-method> <!-- tear_down -->
      </class> <!-- productstestcases.UI -->
      <class name="menu.Functional">
        <test-method is-config="true" signature="setup()[pri:0, instance:menu.Functional@3e27aa33]" started-at="2023-04-17T21:22:19 EET" name="setup" finished-at="2023-04-17T21:22:20 EET" duration-ms="709" status="PASS">
          <reporter-output>
          </reporter-output>
        </test-method> <!-- setup -->
        <test-method signature="pressAbout()[pri:0, instance:menu.Functional@3e27aa33]" started-at="2023-04-17T21:22:20 EET" name="pressAbout" description="press about from sidebar" finished-at="2023-04-17T21:22:29 EET" duration-ms="9046" status="PASS">
          <reporter-output>
          </reporter-output>
        </test-method> <!-- pressAbout -->
        <test-method is-config="true" signature="tear_down()[pri:0, instance:menu.Functional@3e27aa33]" started-at="2023-04-17T21:22:29 EET" name="tear_down" finished-at="2023-04-17T21:22:29 EET" duration-ms="104" status="PASS">
          <reporter-output>
          </reporter-output>
        </test-method> <!-- tear_down -->
        <test-method is-config="true" signature="setup()[pri:0, instance:menu.Functional@3e27aa33]" started-at="2023-04-17T21:22:29 EET" name="setup" finished-at="2023-04-17T21:22:30 EET" duration-ms="692" status="PASS">
          <reporter-output>
          </reporter-output>
        </test-method> <!-- setup -->
        <test-method signature="pressAllItems()[pri:0, instance:menu.Functional@3e27aa33]" started-at="2023-04-17T21:22:30 EET" name="pressAllItems" description="press all items from sidebar" finished-at="2023-04-17T21:22:32 EET" duration-ms="2107" status="PASS">
          <reporter-output>
          </reporter-output>
        </test-method> <!-- pressAllItems -->
        <test-method is-config="true" signature="tear_down()[pri:0, instance:menu.Functional@3e27aa33]" started-at="2023-04-17T21:22:32 EET" name="tear_down" finished-at="2023-04-17T21:22:32 EET" duration-ms="39" status="PASS">
          <reporter-output>
          </reporter-output>
        </test-method> <!-- tear_down -->
        <test-method is-config="true" signature="setup()[pri:0, instance:menu.Functional@3e27aa33]" started-at="2023-04-17T21:22:32 EET" name="setup" finished-at="2023-04-17T21:22:33 EET" duration-ms="768" status="PASS">
          <reporter-output>
          </reporter-output>
        </test-method> <!-- setup -->
        <test-method signature="pressLogOut()[pri:0, instance:menu.Functional@3e27aa33]" started-at="2023-04-17T21:22:33 EET" name="pressLogOut" description="press logout from sidebar" finished-at="2023-04-17T21:22:35 EET" duration-ms="2170" status="PASS">
          <reporter-output>
          </reporter-output>
        </test-method> <!-- pressLogOut -->
        <test-method is-config="true" signature="tear_down()[pri:0, instance:menu.Functional@3e27aa33]" started-at="2023-04-17T21:22:35 EET" name="tear_down" finished-at="2023-04-17T21:22:35 EET" duration-ms="95" status="PASS">
          <reporter-output>
          </reporter-output>
        </test-method> <!-- tear_down -->
        <test-method is-config="true" signature="setup()[pri:0, instance:menu.Functional@3e27aa33]" started-at="2023-04-17T21:22:35 EET" name="setup" finished-at="2023-04-17T21:22:36 EET" duration-ms="770" status="PASS">
          <reporter-output>
          </reporter-output>
        </test-method> <!-- setup -->
        <test-method signature="pressResetAppState()[pri:0, instance:menu.Functional@3e27aa33]" started-at="2023-04-17T21:22:36 EET" name="pressResetAppState" description="press reset app state from sidebar" finished-at="2023-04-17T21:22:38 EET" duration-ms="2568" status="PASS">
          <reporter-output>
          </reporter-output>
        </test-method> <!-- pressResetAppState -->
        <test-method is-config="true" signature="tear_down()[pri:0, instance:menu.Functional@3e27aa33]" started-at="2023-04-17T21:22:38 EET" name="tear_down" finished-at="2023-04-17T21:22:38 EET" duration-ms="76" status="PASS">
          <reporter-output>
          </reporter-output>
        </test-method> <!-- tear_down -->
      </class> <!-- menu.Functional -->
      <class name="productstestcases.Functional">
        <test-method is-config="true" signature="setup()[pri:0, instance:productstestcases.Functional@3646a422]" started-at="2023-04-17T21:21:21 EET" name="setup" finished-at="2023-04-17T21:21:22 EET" duration-ms="715" status="PASS">
          <reporter-output>
          </reporter-output>
        </test-method> <!-- setup -->
        <test-method signature="checkaddtocart()[pri:0, instance:productstestcases.Functional@3646a422]" started-at="2023-04-17T21:21:22 EET" name="checkaddtocart" description="test the inproducts cart buttons" finished-at="2023-04-17T21:21:24 EET" duration-ms="2034" status="PASS">
          <reporter-output>
          </reporter-output>
        </test-method> <!-- checkaddtocart -->
        <test-method is-config="true" signature="tear_down()[pri:0, instance:productstestcases.Functional@3646a422]" started-at="2023-04-17T21:21:24 EET" name="tear_down" finished-at="2023-04-17T21:21:24 EET" duration-ms="92" status="PASS">
          <reporter-output>
          </reporter-output>
        </test-method> <!-- tear_down -->
        <test-method is-config="true" signature="setup()[pri:0, instance:productstestcases.Functional@3646a422]" started-at="2023-04-17T21:21:24 EET" name="setup" finished-at="2023-04-17T21:21:25 EET" duration-ms="781" status="PASS">
          <reporter-output>
          </reporter-output>
        </test-method> <!-- setup -->
        <test-method signature="filterPriceHighToLow()[pri:0, instance:productstestcases.Functional@3646a422]" started-at="2023-04-17T21:21:25 EET" name="filterPriceHighToLow" description="test the high to low price filter" finished-at="2023-04-17T21:21:26 EET" duration-ms="1468" status="PASS">
          <reporter-output>
          </reporter-output>
        </test-method> <!-- filterPriceHighToLow -->
        <test-method is-config="true" signature="tear_down()[pri:0, instance:productstestcases.Functional@3646a422]" started-at="2023-04-17T21:21:26 EET" name="tear_down" finished-at="2023-04-17T21:21:26 EET" duration-ms="96" status="PASS">
          <reporter-output>
          </reporter-output>
        </test-method> <!-- tear_down -->
        <test-method is-config="true" signature="setup()[pri:0, instance:productstestcases.Functional@3646a422]" started-at="2023-04-17T21:21:26 EET" name="setup" finished-at="2023-04-17T21:21:27 EET" duration-ms="699" status="PASS">
          <reporter-output>
          </reporter-output>
        </test-method> <!-- setup -->
        <test-method signature="filterPriceLowToHigh()[pri:0, instance:productstestcases.Functional@3646a422]" started-at="2023-04-17T21:21:27 EET" name="filterPriceLowToHigh" description="test the low to high price filter" finished-at="2023-04-17T21:21:28 EET" duration-ms="1444" status="PASS">
          <reporter-output>
          </reporter-output>
        </test-method> <!-- filterPriceLowToHigh -->
        <test-method is-config="true" signature="tear_down()[pri:0, instance:productstestcases.Functional@3646a422]" started-at="2023-04-17T21:21:28 EET" name="tear_down" finished-at="2023-04-17T21:21:28 EET" duration-ms="91" status="PASS">
          <reporter-output>
          </reporter-output>
        </test-method> <!-- tear_down -->
        <test-method is-config="true" signature="setup()[pri:0, instance:productstestcases.Functional@3646a422]" started-at="2023-04-17T21:21:28 EET" name="setup" finished-at="2023-04-17T21:21:29 EET" duration-ms="704" status="PASS">
          <reporter-output>
          </reporter-output>
        </test-method> <!-- setup -->
        <test-method signature="filternames_AZ()[pri:0, instance:productstestcases.Functional@3646a422]" started-at="2023-04-17T21:21:29 EET" name="filternames_AZ" description="test the A to Z name filter" finished-at="2023-04-17T21:21:31 EET" duration-ms="1414" status="PASS">
          <reporter-output>
          </reporter-output>
        </test-method> <!-- filternames_AZ -->
        <test-method is-config="true" signature="tear_down()[pri:0, instance:productstestcases.Functional@3646a422]" started-at="2023-04-17T21:21:31 EET" name="tear_down" finished-at="2023-04-17T21:21:31 EET" duration-ms="94" status="PASS">
          <reporter-output>
          </reporter-output>
        </test-method> <!-- tear_down -->
        <test-method is-config="true" signature="setup()[pri:0, instance:productstestcases.Functional@3646a422]" started-at="2023-04-17T21:21:31 EET" name="setup" finished-at="2023-04-17T21:21:31 EET" duration-ms="715" status="PASS">
          <reporter-output>
          </reporter-output>
        </test-method> <!-- setup -->
        <test-method signature="filternames_ZA()[pri:0, instance:productstestcases.Functional@3646a422]" started-at="2023-04-17T21:21:31 EET" name="filternames_ZA" description="test the Z to A  name filter" finished-at="2023-04-17T21:21:33 EET" duration-ms="1424" status="PASS">
          <reporter-output>
          </reporter-output>
        </test-method> <!-- filternames_ZA -->
        <test-method is-config="true" signature="tear_down()[pri:0, instance:productstestcases.Functional@3646a422]" started-at="2023-04-17T21:21:33 EET" name="tear_down" finished-at="2023-04-17T21:21:33 EET" duration-ms="92" status="PASS">
          <reporter-output>
          </reporter-output>
        </test-method> <!-- tear_down -->
        <test-method is-config="true" signature="setup()[pri:0, instance:productstestcases.Functional@3646a422]" started-at="2023-04-17T21:21:33 EET" name="setup" finished-at="2023-04-17T21:21:34 EET" duration-ms="763" status="PASS">
          <reporter-output>
          </reporter-output>
        </test-method> <!-- setup -->
        <test-method signature="productAddToCart()[pri:0, instance:productstestcases.Functional@3646a422]" started-at="2023-04-17T21:21:34 EET" name="productAddToCart" description="test the add to cart and remove buttons in products " finished-at="2023-04-17T21:21:35 EET" duration-ms="1622" status="PASS">
          <reporter-output>
          </reporter-output>
        </test-method> <!-- productAddToCart -->
        <test-method is-config="true" signature="tear_down()[pri:0, instance:productstestcases.Functional@3646a422]" started-at="2023-04-17T21:21:35 EET" name="tear_down" finished-at="2023-04-17T21:21:35 EET" duration-ms="99" status="PASS">
          <reporter-output>
          </reporter-output>
        </test-method> <!-- tear_down -->
        <test-method is-config="true" signature="setup()[pri:0, instance:productstestcases.Functional@3646a422]" started-at="2023-04-17T21:21:35 EET" name="setup" finished-at="2023-04-17T21:21:36 EET" duration-ms="709" status="PASS">
          <reporter-output>
          </reporter-output>
        </test-method> <!-- setup -->
        <test-method signature="productClick()[pri:0, instance:productstestcases.Functional@3646a422]" started-at="2023-04-17T21:21:36 EET" name="productClick" description="test the product name click buttons" finished-at="2023-04-17T21:21:38 EET" duration-ms="1644" status="PASS">
          <reporter-output>
          </reporter-output>
        </test-method> <!-- productClick -->
        <test-method is-config="true" signature="tear_down()[pri:0, instance:productstestcases.Functional@3646a422]" started-at="2023-04-17T21:21:38 EET" name="tear_down" finished-at="2023-04-17T21:21:38 EET" duration-ms="96" status="PASS">
          <reporter-output>
          </reporter-output>
        </test-method> <!-- tear_down -->
      </class> <!-- productstestcases.Functional -->
      <class name="checkoutpreview.Functional">
        <test-method is-config="true" signature="setup()[pri:0, instance:checkoutpreview.Functional@f0c8a99]" started-at="2023-04-17T21:24:16 EET" name="setup" finished-at="2023-04-17T21:24:17 EET" duration-ms="764" status="PASS">
          <reporter-output>
          </reporter-output>
        </test-method> <!-- setup -->
        <test-method signature="cancelling()[pri:0, instance:checkoutpreview.Functional@f0c8a99]" started-at="2023-04-17T21:24:17 EET" name="cancelling" description="test the checkout cancelling" finished-at="2023-04-17T21:24:19 EET" duration-ms="2155" status="PASS">
          <reporter-output>
          </reporter-output>
        </test-method> <!-- cancelling -->
        <test-method is-config="true" signature="tear_down()[pri:0, instance:checkoutpreview.Functional@f0c8a99]" started-at="2023-04-17T21:24:19 EET" name="tear_down" finished-at="2023-04-17T21:24:19 EET" duration-ms="73" status="PASS">
          <reporter-output>
          </reporter-output>
        </test-method> <!-- tear_down -->
        <test-method is-config="true" signature="setup()[pri:0, instance:checkoutpreview.Functional@f0c8a99]" started-at="2023-04-17T21:24:19 EET" name="setup" finished-at="2023-04-17T21:24:19 EET" duration-ms="740" status="PASS">
          <reporter-output>
          </reporter-output>
        </test-method> <!-- setup -->
        <test-method signature="ordering()[pri:0, instance:checkoutpreview.Functional@f0c8a99]" started-at="2023-04-17T21:24:19 EET" name="ordering" description="test the checkout completion step" finished-at="2023-04-17T21:24:22 EET" duration-ms="2105" status="PASS">
          <reporter-output>
          </reporter-output>
        </test-method> <!-- ordering -->
        <test-method is-config="true" signature="tear_down()[pri:0, instance:checkoutpreview.Functional@f0c8a99]" started-at="2023-04-17T21:24:22 EET" name="tear_down" finished-at="2023-04-17T21:24:22 EET" duration-ms="86" status="PASS">
          <reporter-output>
          </reporter-output>
        </test-method> <!-- tear_down -->
      </class> <!-- checkoutpreview.Functional -->
      <class name="menu.UI">
        <test-method is-config="true" signature="setup()[pri:0, instance:menu.UI@2e385cce]" started-at="2023-04-17T21:22:38 EET" name="setup" finished-at="2023-04-17T21:22:39 EET" duration-ms="680" status="PASS">
          <reporter-output>
          </reporter-output>
        </test-method> <!-- setup -->
        <test-method signature="checkLogOut()[pri:0, instance:menu.UI@2e385cce]" started-at="2023-04-17T21:22:39 EET" name="checkLogOut" description="check logout in menu from products page " finished-at="2023-04-17T21:22:41 EET" duration-ms="1874" status="PASS">
          <reporter-output>
          </reporter-output>
        </test-method> <!-- checkLogOut -->
        <test-method is-config="true" signature="tear_down()[pri:0, instance:menu.UI@2e385cce]" started-at="2023-04-17T21:22:41 EET" name="tear_down" finished-at="2023-04-17T21:22:41 EET" duration-ms="38" status="PASS">
          <reporter-output>
          </reporter-output>
        </test-method> <!-- tear_down -->
        <test-method is-config="true" signature="setup()[pri:0, instance:menu.UI@2e385cce]" started-at="2023-04-17T21:22:41 EET" name="setup" finished-at="2023-04-17T21:22:42 EET" duration-ms="724" status="PASS">
          <reporter-output>
          </reporter-output>
        </test-method> <!-- setup -->
        <test-method signature="checkMenuSidebarAboutLink()[pri:0, instance:menu.UI@2e385cce]" started-at="2023-04-17T21:22:42 EET" name="checkMenuSidebarAboutLink" description="check about link in menu from products page " finished-at="2023-04-17T21:22:44 EET" duration-ms="1956" status="PASS">
          <reporter-output>
          </reporter-output>
        </test-method> <!-- checkMenuSidebarAboutLink -->
        <test-method is-config="true" signature="tear_down()[pri:0, instance:menu.UI@2e385cce]" started-at="2023-04-17T21:22:44 EET" name="tear_down" finished-at="2023-04-17T21:22:44 EET" duration-ms="92" status="PASS">
          <reporter-output>
          </reporter-output>
        </test-method> <!-- tear_down -->
        <test-method is-config="true" signature="setup()[pri:0, instance:menu.UI@2e385cce]" started-at="2023-04-17T21:22:44 EET" name="setup" finished-at="2023-04-17T21:22:44 EET" duration-ms="714" status="PASS">
          <reporter-output>
          </reporter-output>
        </test-method> <!-- setup -->
        <test-method signature="checkMenuSidebarAllItemsLink()[pri:0, instance:menu.UI@2e385cce]" started-at="2023-04-17T21:22:44 EET" name="checkMenuSidebarAllItemsLink" description="check menu click UI " finished-at="2023-04-17T21:22:46 EET" duration-ms="1855" status="PASS">
          <reporter-output>
          </reporter-output>
        </test-method> <!-- checkMenuSidebarAllItemsLink -->
        <test-method is-config="true" signature="tear_down()[pri:0, instance:menu.UI@2e385cce]" started-at="2023-04-17T21:22:46 EET" name="tear_down" finished-at="2023-04-17T21:22:46 EET" duration-ms="93" status="PASS">
          <reporter-output>
          </reporter-output>
        </test-method> <!-- tear_down -->
        <test-method is-config="true" signature="setup()[pri:0, instance:menu.UI@2e385cce]" started-at="2023-04-17T21:22:46 EET" name="setup" finished-at="2023-04-17T21:22:47 EET" duration-ms="705" status="PASS">
          <reporter-output>
          </reporter-output>
        </test-method> <!-- setup -->
        <test-method signature="checkStateResetLink()[pri:0, instance:menu.UI@2e385cce]" started-at="2023-04-17T21:22:47 EET" name="checkStateResetLink" description="check reset state app in menu from products page " finished-at="2023-04-17T21:22:49 EET" duration-ms="1855" status="PASS">
          <reporter-output>
          </reporter-output>
        </test-method> <!-- checkStateResetLink -->
        <test-method is-config="true" signature="tear_down()[pri:0, instance:menu.UI@2e385cce]" started-at="2023-04-17T21:22:49 EET" name="tear_down" finished-at="2023-04-17T21:22:49 EET" duration-ms="43" status="PASS">
          <reporter-output>
          </reporter-output>
        </test-method> <!-- tear_down -->
        <test-method is-config="true" signature="setup()[pri:0, instance:menu.UI@2e385cce]" started-at="2023-04-17T21:22:49 EET" name="setup" finished-at="2023-04-17T21:22:50 EET" duration-ms="778" status="PASS">
          <reporter-output>
          </reporter-output>
        </test-method> <!-- setup -->
        <test-method signature="checkmenusidebar()[pri:0, instance:menu.UI@2e385cce]" started-at="2023-04-17T21:22:50 EET" name="checkmenusidebar" description="check menu click UI from products page " finished-at="2023-04-17T21:22:51 EET" duration-ms="1335" status="PASS">
          <reporter-output>
          </reporter-output>
        </test-method> <!-- checkmenusidebar -->
        <test-method is-config="true" signature="tear_down()[pri:0, instance:menu.UI@2e385cce]" started-at="2023-04-17T21:22:51 EET" name="tear_down" finished-at="2023-04-17T21:22:51 EET" duration-ms="100" status="PASS">
          <reporter-output>
          </reporter-output>
        </test-method> <!-- tear_down -->
      </class> <!-- menu.UI -->
      <class name="carttestcases.Functional">
        <test-method is-config="true" signature="setup()[pri:0, instance:carttestcases.Functional@2ddc9a9f]" started-at="2023-04-17T21:22:51 EET" name="setup" finished-at="2023-04-17T21:22:52 EET" duration-ms="771" status="PASS">
          <reporter-output>
          </reporter-output>
        </test-method> <!-- setup -->
        <test-method signature="testChecOutBbtn()[pri:0, instance:carttestcases.Functional@2ddc9a9f]" started-at="2023-04-17T21:22:52 EET" name="testChecOutBbtn" description="test the checkout btn" finished-at="2023-04-17T21:22:54 EET" duration-ms="1845" status="PASS">
          <reporter-output>
          </reporter-output>
        </test-method> <!-- testChecOutBbtn -->
        <test-method is-config="true" signature="tear_down()[pri:0, instance:carttestcases.Functional@2ddc9a9f]" started-at="2023-04-17T21:22:54 EET" name="tear_down" finished-at="2023-04-17T21:22:54 EET" duration-ms="98" status="PASS">
          <reporter-output>
          </reporter-output>
        </test-method> <!-- tear_down -->
        <test-method is-config="true" signature="setup()[pri:0, instance:carttestcases.Functional@2ddc9a9f]" started-at="2023-04-17T21:22:54 EET" name="setup" finished-at="2023-04-17T21:22:55 EET" duration-ms="762" status="PASS">
          <reporter-output>
          </reporter-output>
        </test-method> <!-- setup -->
        <test-method signature="testContinueShoppingBtn()[pri:0, instance:carttestcases.Functional@2ddc9a9f]" started-at="2023-04-17T21:22:55 EET" name="testContinueShoppingBtn" description="test continue shopping btn" finished-at="2023-04-17T21:22:57 EET" duration-ms="1901" status="PASS">
          <reporter-output>
          </reporter-output>
        </test-method> <!-- testContinueShoppingBtn -->
        <test-method is-config="true" signature="tear_down()[pri:0, instance:carttestcases.Functional@2ddc9a9f]" started-at="2023-04-17T21:22:57 EET" name="tear_down" finished-at="2023-04-17T21:22:57 EET" duration-ms="96" status="PASS">
          <reporter-output>
          </reporter-output>
        </test-method> <!-- tear_down -->
        <test-method is-config="true" signature="setup()[pri:0, instance:carttestcases.Functional@2ddc9a9f]" started-at="2023-04-17T21:22:57 EET" name="setup" finished-at="2023-04-17T21:22:57 EET" duration-ms="768" status="PASS">
          <reporter-output>
          </reporter-output>
        </test-method> <!-- setup -->
        <test-method signature="testRemoveBtn()[pri:0, instance:carttestcases.Functional@2ddc9a9f]" started-at="2023-04-17T21:22:57 EET" name="testRemoveBtn" description="test remove function" finished-at="2023-04-17T21:23:00 EET" duration-ms="2908" status="PASS">
          <reporter-output>
          </reporter-output>
        </test-method> <!-- testRemoveBtn -->
        <test-method is-config="true" signature="tear_down()[pri:0, instance:carttestcases.Functional@2ddc9a9f]" started-at="2023-04-17T21:23:00 EET" name="tear_down" finished-at="2023-04-17T21:23:00 EET" duration-ms="95" status="PASS">
          <reporter-output>
          </reporter-output>
        </test-method> <!-- tear_down -->
      </class> <!-- carttestcases.Functional -->
      <class name="endtoend.EndToEnd">
        <test-method is-config="true" signature="setup()[pri:0, instance:endtoend.EndToEnd@644baf4a]" started-at="2023-04-17T21:25:27 EET" name="setup" finished-at="2023-04-17T21:25:28 EET" duration-ms="746" status="PASS">
          <reporter-output>
          </reporter-output>
        </test-method> <!-- setup -->
        <test-method signature="EndToEndtest()[pri:0, instance:endtoend.EndToEnd@644baf4a]" started-at="2023-04-17T21:25:28 EET" name="EndToEndtest" description="Full test" finished-at="2023-04-17T21:25:29 EET" duration-ms="1701" status="PASS">
          <reporter-output>
          </reporter-output>
        </test-method> <!-- EndToEndtest -->
        <test-method is-config="true" signature="tear_down()[pri:0, instance:endtoend.EndToEnd@644baf4a]" started-at="2023-04-17T21:25:29 EET" name="tear_down" finished-at="2023-04-17T21:25:30 EET" duration-ms="86" status="PASS">
          <reporter-output>
          </reporter-output>
        </test-method> <!-- tear_down -->
      </class> <!-- endtoend.EndToEnd -->
      <class name="checkout.Functional">
        <test-method is-config="true" signature="setup()[pri:0, instance:checkout.Functional@2a7f1f10]" started-at="2023-04-17T21:23:37 EET" name="setup" finished-at="2023-04-17T21:23:38 EET" duration-ms="766" status="PASS">
          <reporter-output>
          </reporter-output>
        </test-method> <!-- setup -->
        <test-method signature="press_cancelButton()[pri:0, instance:checkout.Functional@2a7f1f10]" started-at="2023-04-17T21:23:38 EET" name="press_cancelButton" description="test the checkout cancel button" finished-at="2023-04-17T21:23:40 EET" duration-ms="2147" status="PASS">
          <reporter-output>
          </reporter-output>
        </test-method> <!-- press_cancelButton -->
        <test-method is-config="true" signature="tear_down()[pri:0, instance:checkout.Functional@2a7f1f10]" started-at="2023-04-17T21:23:40 EET" name="tear_down" finished-at="2023-04-17T21:23:40 EET" duration-ms="45" status="PASS">
          <reporter-output>
          </reporter-output>
        </test-method> <!-- tear_down -->
        <test-method is-config="true" signature="setup()[pri:0, instance:checkout.Functional@2a7f1f10]" started-at="2023-04-17T21:23:40 EET" name="setup" finished-at="2023-04-17T21:23:41 EET" duration-ms="775" status="PASS">
          <reporter-output>
          </reporter-output>
        </test-method> <!-- setup -->
        <test-method signature="press_continue()[pri:0, instance:checkout.Functional@2a7f1f10]" started-at="2023-04-17T21:23:41 EET" name="press_continue" description="test the checkout continue button" finished-at="2023-04-17T21:23:43 EET" duration-ms="2077" status="PASS">
          <reporter-output>
          </reporter-output>
        </test-method> <!-- press_continue -->
        <test-method is-config="true" signature="tear_down()[pri:0, instance:checkout.Functional@2a7f1f10]" started-at="2023-04-17T21:23:43 EET" name="tear_down" finished-at="2023-04-17T21:23:43 EET" duration-ms="84" status="PASS">
          <reporter-output>
          </reporter-output>
        </test-method> <!-- tear_down -->
      </class> <!-- checkout.Functional -->
      <class name="carttestcases.UI">
        <test-method is-config="true" signature="setup()[pri:0, instance:carttestcases.UI@298a5e20]" started-at="2023-04-17T21:23:00 EET" name="setup" finished-at="2023-04-17T21:23:01 EET" duration-ms="713" status="PASS">
          <reporter-output>
          </reporter-output>
        </test-method> <!-- setup -->
        <test-method signature="checkCartUICartQuantity()[pri:0, instance:carttestcases.UI@298a5e20]" started-at="2023-04-17T21:23:01 EET" name="checkCartUICartQuantity" description="test cart UI CartQuantity" finished-at="2023-04-17T21:23:03 EET" duration-ms="1848" status="PASS">
          <reporter-output>
          </reporter-output>
        </test-method> <!-- checkCartUICartQuantity -->
        <test-method is-config="true" signature="tear_down()[pri:0, instance:carttestcases.UI@298a5e20]" started-at="2023-04-17T21:23:03 EET" name="tear_down" finished-at="2023-04-17T21:23:03 EET" duration-ms="95" status="PASS">
          <reporter-output>
          </reporter-output>
        </test-method> <!-- tear_down -->
        <test-method is-config="true" signature="setup()[pri:0, instance:carttestcases.UI@298a5e20]" started-at="2023-04-17T21:23:03 EET" name="setup" finished-at="2023-04-17T21:23:04 EET" duration-ms="706" status="PASS">
          <reporter-output>
          </reporter-output>
        </test-method> <!-- setup -->
        <test-method signature="checkCartUICartQuantityWithoutItems()[pri:0, instance:carttestcases.UI@298a5e20]" started-at="2023-04-17T21:23:04 EET" name="checkCartUICartQuantityWithoutItems" description="test cart UI CartQuantity without items" finished-at="2023-04-17T21:23:05 EET" duration-ms="1357" status="PASS">
          <reporter-output>
          </reporter-output>
        </test-method> <!-- checkCartUICartQuantityWithoutItems -->
        <test-method is-config="true" signature="tear_down()[pri:0, instance:carttestcases.UI@298a5e20]" started-at="2023-04-17T21:23:05 EET" name="tear_down" finished-at="2023-04-17T21:23:05 EET" duration-ms="103" status="PASS">
          <reporter-output>
          </reporter-output>
        </test-method> <!-- tear_down -->
        <test-method is-config="true" signature="setup()[pri:0, instance:carttestcases.UI@298a5e20]" started-at="2023-04-17T21:23:05 EET" name="setup" finished-at="2023-04-17T21:23:06 EET" duration-ms="764" status="PASS">
          <reporter-output>
          </reporter-output>
        </test-method> <!-- setup -->
        <test-method signature="checkCartUICheckoutBtn()[pri:0, instance:carttestcases.UI@298a5e20]" started-at="2023-04-17T21:23:06 EET" name="checkCartUICheckoutBtn" description="test cart UI CheckoutBtn" finished-at="2023-04-17T21:23:08 EET" duration-ms="1909" status="PASS">
          <reporter-output>
          </reporter-output>
        </test-method> <!-- checkCartUICheckoutBtn -->
        <test-method is-config="true" signature="tear_down()[pri:0, instance:carttestcases.UI@298a5e20]" started-at="2023-04-17T21:23:08 EET" name="tear_down" finished-at="2023-04-17T21:23:08 EET" duration-ms="95" status="PASS">
          <reporter-output>
          </reporter-output>
        </test-method> <!-- tear_down -->
        <test-method is-config="true" signature="setup()[pri:0, instance:carttestcases.UI@298a5e20]" started-at="2023-04-17T21:23:08 EET" name="setup" finished-at="2023-04-17T21:23:09 EET" duration-ms="756" status="PASS">
          <reporter-output>
          </reporter-output>
        </test-method> <!-- setup -->
        <test-method signature="checkCartUIContinuseBtn()[pri:0, instance:carttestcases.UI@298a5e20]" started-at="2023-04-17T21:23:09 EET" name="checkCartUIContinuseBtn" description="test cart UI ContinuseBtn" finished-at="2023-04-17T21:23:11 EET" duration-ms="1920" status="PASS">
          <reporter-output>
          </reporter-output>
        </test-method> <!-- checkCartUIContinuseBtn -->
        <test-method is-config="true" signature="tear_down()[pri:0, instance:carttestcases.UI@298a5e20]" started-at="2023-04-17T21:23:11 EET" name="tear_down" finished-at="2023-04-17T21:23:11 EET" duration-ms="87" status="PASS">
          <reporter-output>
          </reporter-output>
        </test-method> <!-- tear_down -->
        <test-method is-config="true" signature="setup()[pri:0, instance:carttestcases.UI@298a5e20]" started-at="2023-04-17T21:23:11 EET" name="setup" finished-at="2023-04-17T21:23:12 EET" duration-ms="767" status="PASS">
          <reporter-output>
          </reporter-output>
        </test-method> <!-- setup -->
        <test-method signature="checkCartUIFacebookBtn()[pri:0, instance:carttestcases.UI@298a5e20]" started-at="2023-04-17T21:23:12 EET" name="checkCartUIFacebookBtn" description="test cart UI FacebookBtn" finished-at="2023-04-17T21:23:13 EET" duration-ms="1933" status="PASS">
          <reporter-output>
          </reporter-output>
        </test-method> <!-- checkCartUIFacebookBtn -->
        <test-method is-config="true" signature="tear_down()[pri:0, instance:carttestcases.UI@298a5e20]" started-at="2023-04-17T21:23:13 EET" name="tear_down" finished-at="2023-04-17T21:23:14 EET" duration-ms="88" status="PASS">
          <reporter-output>
          </reporter-output>
        </test-method> <!-- tear_down -->
        <test-method is-config="true" signature="setup()[pri:0, instance:carttestcases.UI@298a5e20]" started-at="2023-04-17T21:23:14 EET" name="setup" finished-at="2023-04-17T21:23:14 EET" duration-ms="757" status="PASS">
          <reporter-output>
          </reporter-output>
        </test-method> <!-- setup -->
        <test-method signature="checkCartUILinkedinBtn()[pri:0, instance:carttestcases.UI@298a5e20]" started-at="2023-04-17T21:23:14 EET" name="checkCartUILinkedinBtn" description="test cart UI LinkedinBtn" finished-at="2023-04-17T21:23:16 EET" duration-ms="1906" status="PASS">
          <reporter-output>
          </reporter-output>
        </test-method> <!-- checkCartUILinkedinBtn -->
        <test-method is-config="true" signature="tear_down()[pri:0, instance:carttestcases.UI@298a5e20]" started-at="2023-04-17T21:23:16 EET" name="tear_down" finished-at="2023-04-17T21:23:16 EET" duration-ms="88" status="PASS">
          <reporter-output>
          </reporter-output>
        </test-method> <!-- tear_down -->
        <test-method is-config="true" signature="setup()[pri:0, instance:carttestcases.UI@298a5e20]" started-at="2023-04-17T21:23:16 EET" name="setup" finished-at="2023-04-17T21:23:17 EET" duration-ms="761" status="PASS">
          <reporter-output>
          </reporter-output>
        </test-method> <!-- setup -->
        <test-method signature="checkCartUIMenuBtn()[pri:0, instance:carttestcases.UI@298a5e20]" started-at="2023-04-17T21:23:17 EET" name="checkCartUIMenuBtn" description="test cart UI MenuBtn" finished-at="2023-04-17T21:23:19 EET" duration-ms="1871" status="PASS">
          <reporter-output>
          </reporter-output>
        </test-method> <!-- checkCartUIMenuBtn -->
        <test-method is-config="true" signature="tear_down()[pri:0, instance:carttestcases.UI@298a5e20]" started-at="2023-04-17T21:23:19 EET" name="tear_down" finished-at="2023-04-17T21:23:19 EET" duration-ms="43" status="PASS">
          <reporter-output>
          </reporter-output>
        </test-method> <!-- tear_down -->
        <test-method is-config="true" signature="setup()[pri:0, instance:carttestcases.UI@298a5e20]" started-at="2023-04-17T21:23:19 EET" name="setup" finished-at="2023-04-17T21:23:20 EET" duration-ms="822" status="PASS">
          <reporter-output>
          </reporter-output>
        </test-method> <!-- setup -->
        <test-method signature="checkCartUIPriceTags()[pri:0, instance:carttestcases.UI@298a5e20]" started-at="2023-04-17T21:23:20 EET" name="checkCartUIPriceTags" description="test cart UI PriceTags" finished-at="2023-04-17T21:23:22 EET" duration-ms="1951" status="PASS">
          <reporter-output>
          </reporter-output>
        </test-method> <!-- checkCartUIPriceTags -->
        <test-method is-config="true" signature="tear_down()[pri:0, instance:carttestcases.UI@298a5e20]" started-at="2023-04-17T21:23:22 EET" name="tear_down" finished-at="2023-04-17T21:23:22 EET" duration-ms="45" status="PASS">
          <reporter-output>
          </reporter-output>
        </test-method> <!-- tear_down -->
        <test-method is-config="true" signature="setup()[pri:0, instance:carttestcases.UI@298a5e20]" started-at="2023-04-17T21:23:22 EET" name="setup" finished-at="2023-04-17T21:23:23 EET" duration-ms="760" status="PASS">
          <reporter-output>
          </reporter-output>
        </test-method> <!-- setup -->
        <test-method signature="checkCartUIPriceTagsWithoutItems()[pri:0, instance:carttestcases.UI@298a5e20]" started-at="2023-04-17T21:23:23 EET" name="checkCartUIPriceTagsWithoutItems" description="test cart UI PriceTags without items" finished-at="2023-04-17T21:23:24 EET" duration-ms="1305" status="PASS">
          <reporter-output>
          </reporter-output>
        </test-method> <!-- checkCartUIPriceTagsWithoutItems -->
        <test-method is-config="true" signature="tear_down()[pri:0, instance:carttestcases.UI@298a5e20]" started-at="2023-04-17T21:23:24 EET" name="tear_down" finished-at="2023-04-17T21:23:24 EET" duration-ms="85" status="PASS">
          <reporter-output>
          </reporter-output>
        </test-method> <!-- tear_down -->
        <test-method is-config="true" signature="setup()[pri:0, instance:carttestcases.UI@298a5e20]" started-at="2023-04-17T21:23:24 EET" name="setup" finished-at="2023-04-17T21:23:25 EET" duration-ms="760" status="PASS">
          <reporter-output>
          </reporter-output>
        </test-method> <!-- setup -->
        <test-method signature="checkCartUIProducts()[pri:0, instance:carttestcases.UI@298a5e20]" started-at="2023-04-17T21:23:25 EET" name="checkCartUIProducts" description="test cart UI Products" finished-at="2023-04-17T21:23:27 EET" duration-ms="1891" status="PASS">
          <reporter-output>
          </reporter-output>
        </test-method> <!-- checkCartUIProducts -->
        <test-method is-config="true" signature="tear_down()[pri:0, instance:carttestcases.UI@298a5e20]" started-at="2023-04-17T21:23:27 EET" name="tear_down" finished-at="2023-04-17T21:23:27 EET" duration-ms="45" status="PASS">
          <reporter-output>
          </reporter-output>
        </test-method> <!-- tear_down -->
        <test-method is-config="true" signature="setup()[pri:0, instance:carttestcases.UI@298a5e20]" started-at="2023-04-17T21:23:27 EET" name="setup" finished-at="2023-04-17T21:23:27 EET" duration-ms="762" status="PASS">
          <reporter-output>
          </reporter-output>
        </test-method> <!-- setup -->
        <test-method signature="checkCartUIProductsWithoutItems()[pri:0, instance:carttestcases.UI@298a5e20]" started-at="2023-04-17T21:23:27 EET" name="checkCartUIProductsWithoutItems" description="test cart UI Products without items" finished-at="2023-04-17T21:23:29 EET" duration-ms="1337" status="PASS">
          <reporter-output>
          </reporter-output>
        </test-method> <!-- checkCartUIProductsWithoutItems -->
        <test-method is-config="true" signature="tear_down()[pri:0, instance:carttestcases.UI@298a5e20]" started-at="2023-04-17T21:23:29 EET" name="tear_down" finished-at="2023-04-17T21:23:29 EET" duration-ms="94" status="PASS">
          <reporter-output>
          </reporter-output>
        </test-method> <!-- tear_down -->
        <test-method is-config="true" signature="setup()[pri:0, instance:carttestcases.UI@298a5e20]" started-at="2023-04-17T21:23:29 EET" name="setup" finished-at="2023-04-17T21:23:30 EET" duration-ms="755" status="PASS">
          <reporter-output>
          </reporter-output>
        </test-method> <!-- setup -->
        <test-method signature="checkCartUIRemoveBtn()[pri:0, instance:carttestcases.UI@298a5e20]" started-at="2023-04-17T21:23:30 EET" name="checkCartUIRemoveBtn" description="test cart UI RemoveBtn" finished-at="2023-04-17T21:23:31 EET" duration-ms="1865" status="PASS">
          <reporter-output>
          </reporter-output>
        </test-method> <!-- checkCartUIRemoveBtn -->
        <test-method is-config="true" signature="tear_down()[pri:0, instance:carttestcases.UI@298a5e20]" started-at="2023-04-17T21:23:31 EET" name="tear_down" finished-at="2023-04-17T21:23:32 EET" duration-ms="85" status="PASS">
          <reporter-output>
          </reporter-output>
        </test-method> <!-- tear_down -->
        <test-method is-config="true" signature="setup()[pri:0, instance:carttestcases.UI@298a5e20]" started-at="2023-04-17T21:23:32 EET" name="setup" finished-at="2023-04-17T21:23:32 EET" duration-ms="791" status="PASS">
          <reporter-output>
          </reporter-output>
        </test-method> <!-- setup -->
        <test-method signature="checkCartUIRemoveBtnWithoutItems()[pri:0, instance:carttestcases.UI@298a5e20]" started-at="2023-04-17T21:23:32 EET" name="checkCartUIRemoveBtnWithoutItems" description="test cart UI RemoveBtn without items" finished-at="2023-04-17T21:23:34 EET" duration-ms="1989" status="PASS">
          <reporter-output>
          </reporter-output>
        </test-method> <!-- checkCartUIRemoveBtnWithoutItems -->
        <test-method is-config="true" signature="tear_down()[pri:0, instance:carttestcases.UI@298a5e20]" started-at="2023-04-17T21:23:34 EET" name="tear_down" finished-at="2023-04-17T21:23:34 EET" duration-ms="96" status="PASS">
          <reporter-output>
          </reporter-output>
        </test-method> <!-- tear_down -->
        <test-method is-config="true" signature="setup()[pri:0, instance:carttestcases.UI@298a5e20]" started-at="2023-04-17T21:23:34 EET" name="setup" finished-at="2023-04-17T21:23:35 EET" duration-ms="844" status="PASS">
          <reporter-output>
          </reporter-output>
        </test-method> <!-- setup -->
        <test-method signature="checkCartUITwitterBtn()[pri:0, instance:carttestcases.UI@298a5e20]" started-at="2023-04-17T21:23:35 EET" name="checkCartUITwitterBtn" description="test cart UI TwitterBtn" finished-at="2023-04-17T21:23:37 EET" duration-ms="1945" status="PASS">
          <reporter-output>
          </reporter-output>
        </test-method> <!-- checkCartUITwitterBtn -->
        <test-method is-config="true" signature="tear_down()[pri:0, instance:carttestcases.UI@298a5e20]" started-at="2023-04-17T21:23:37 EET" name="tear_down" finished-at="2023-04-17T21:23:37 EET" duration-ms="87" status="PASS">
          <reporter-output>
          </reporter-output>
        </test-method> <!-- tear_down -->
      </class> <!-- carttestcases.UI -->
      <class name="checkoutpreview.UI">
        <test-method is-config="true" signature="setup()[pri:0, instance:checkoutpreview.UI@740cae06]" started-at="2023-04-17T21:24:22 EET" name="setup" finished-at="2023-04-17T21:24:22 EET" duration-ms="757" status="PASS">
          <reporter-output>
          </reporter-output>
        </test-method> <!-- setup -->
        <test-method signature="checkUI()[pri:0, instance:checkoutpreview.UI@740cae06]" started-at="2023-04-17T21:24:22 EET" name="checkUI" description="test UI of checkout preview" finished-at="2023-04-17T21:24:25 EET" duration-ms="2264" status="PASS">
          <reporter-output>
          </reporter-output>
        </test-method> <!-- checkUI -->
        <test-method is-config="true" signature="tear_down()[pri:0, instance:checkoutpreview.UI@740cae06]" started-at="2023-04-17T21:24:25 EET" name="tear_down" finished-at="2023-04-17T21:24:25 EET" duration-ms="40" status="PASS">
          <reporter-output>
          </reporter-output>
        </test-method> <!-- tear_down -->
        <test-method is-config="true" signature="setup()[pri:0, instance:checkoutpreview.UI@740cae06]" started-at="2023-04-17T21:24:25 EET" name="setup" finished-at="2023-04-17T21:24:26 EET" duration-ms="767" status="PASS">
          <reporter-output>
          </reporter-output>
        </test-method> <!-- setup -->
        <test-method signature="checkUICartContainer()[pri:0, instance:checkoutpreview.UI@740cae06]" started-at="2023-04-17T21:24:26 EET" name="checkUICartContainer" description="test UI of checkout preview cart" finished-at="2023-04-17T21:24:28 EET" duration-ms="2061" status="PASS">
          <reporter-output>
          </reporter-output>
        </test-method> <!-- checkUICartContainer -->
        <test-method is-config="true" signature="tear_down()[pri:0, instance:checkoutpreview.UI@740cae06]" started-at="2023-04-17T21:24:28 EET" name="tear_down" finished-at="2023-04-17T21:24:28 EET" duration-ms="91" status="PASS">
          <reporter-output>
          </reporter-output>
        </test-method> <!-- tear_down -->
        <test-method is-config="true" signature="setup()[pri:0, instance:checkoutpreview.UI@740cae06]" started-at="2023-04-17T21:24:28 EET" name="setup" finished-at="2023-04-17T21:24:28 EET" duration-ms="670" status="PASS">
          <reporter-output>
          </reporter-output>
        </test-method> <!-- setup -->
        <test-method signature="checkUIFacebookBtn()[pri:0, instance:checkoutpreview.UI@740cae06]" started-at="2023-04-17T21:24:28 EET" name="checkUIFacebookBtn" description="test UI of checkout preview facebookbtn" finished-at="2023-04-17T21:24:30 EET" duration-ms="2080" status="PASS">
          <reporter-output>
          </reporter-output>
        </test-method> <!-- checkUIFacebookBtn -->
        <test-method is-config="true" signature="tear_down()[pri:0, instance:checkoutpreview.UI@740cae06]" started-at="2023-04-17T21:24:30 EET" name="tear_down" finished-at="2023-04-17T21:24:30 EET" duration-ms="84" status="PASS">
          <reporter-output>
          </reporter-output>
        </test-method> <!-- tear_down -->
        <test-method is-config="true" signature="setup()[pri:0, instance:checkoutpreview.UI@740cae06]" started-at="2023-04-17T21:24:30 EET" name="setup" finished-at="2023-04-17T21:24:31 EET" duration-ms="681" status="PASS">
          <reporter-output>
          </reporter-output>
        </test-method> <!-- setup -->
        <test-method signature="checkUIFinishBtn()[pri:0, instance:checkoutpreview.UI@740cae06]" started-at="2023-04-17T21:24:31 EET" name="checkUIFinishBtn" description="test UI of checkout preview finish btn" finished-at="2023-04-17T21:24:33 EET" duration-ms="2097" status="PASS">
          <reporter-output>
          </reporter-output>
        </test-method> <!-- checkUIFinishBtn -->
        <test-method is-config="true" signature="tear_down()[pri:0, instance:checkoutpreview.UI@740cae06]" started-at="2023-04-17T21:24:33 EET" name="tear_down" finished-at="2023-04-17T21:24:33 EET" duration-ms="91" status="PASS">
          <reporter-output>
          </reporter-output>
        </test-method> <!-- tear_down -->
        <test-method is-config="true" signature="setup()[pri:0, instance:checkoutpreview.UI@740cae06]" started-at="2023-04-17T21:24:33 EET" name="setup" finished-at="2023-04-17T21:24:34 EET" duration-ms="700" status="PASS">
          <reporter-output>
          </reporter-output>
        </test-method> <!-- setup -->
        <test-method signature="checkUILinkenInBtn()[pri:0, instance:checkoutpreview.UI@740cae06]" started-at="2023-04-17T21:24:34 EET" name="checkUILinkenInBtn" description="test UI of checkout preview linkedin btn" finished-at="2023-04-17T21:24:36 EET" duration-ms="2077" status="PASS">
          <reporter-output>
          </reporter-output>
        </test-method> <!-- checkUILinkenInBtn -->
        <test-method is-config="true" signature="tear_down()[pri:0, instance:checkoutpreview.UI@740cae06]" started-at="2023-04-17T21:24:36 EET" name="tear_down" finished-at="2023-04-17T21:24:36 EET" duration-ms="87" status="PASS">
          <reporter-output>
          </reporter-output>
        </test-method> <!-- tear_down -->
        <test-method is-config="true" signature="setup()[pri:0, instance:checkoutpreview.UI@740cae06]" started-at="2023-04-17T21:24:36 EET" name="setup" finished-at="2023-04-17T21:24:37 EET" duration-ms="741" status="PASS">
          <reporter-output>
          </reporter-output>
        </test-method> <!-- setup -->
        <test-method signature="checkUILogo()[pri:0, instance:checkoutpreview.UI@740cae06]" started-at="2023-04-17T21:24:37 EET" name="checkUILogo" description="test UI of checkout preview logo" finished-at="2023-04-17T21:24:39 EET" duration-ms="2138" status="PASS">
          <reporter-output>
          </reporter-output>
        </test-method> <!-- checkUILogo -->
        <test-method is-config="true" signature="tear_down()[pri:0, instance:checkoutpreview.UI@740cae06]" started-at="2023-04-17T21:24:39 EET" name="tear_down" finished-at="2023-04-17T21:24:39 EET" duration-ms="96" status="PASS">
          <reporter-output>
          </reporter-output>
        </test-method> <!-- tear_down -->
        <test-method is-config="true" signature="setup()[pri:0, instance:checkoutpreview.UI@740cae06]" started-at="2023-04-17T21:24:39 EET" name="setup" finished-at="2023-04-17T21:24:40 EET" duration-ms="663" status="PASS">
          <reporter-output>
          </reporter-output>
        </test-method> <!-- setup -->
        <test-method signature="checkUIMenu()[pri:0, instance:checkoutpreview.UI@740cae06]" started-at="2023-04-17T21:24:40 EET" name="checkUIMenu" description="test UI of checkout preview menu" finished-at="2023-04-17T21:24:42 EET" duration-ms="2080" status="PASS">
          <reporter-output>
          </reporter-output>
        </test-method> <!-- checkUIMenu -->
        <test-method is-config="true" signature="tear_down()[pri:0, instance:checkoutpreview.UI@740cae06]" started-at="2023-04-17T21:24:42 EET" name="tear_down" finished-at="2023-04-17T21:24:42 EET" duration-ms="90" status="PASS">
          <reporter-output>
          </reporter-output>
        </test-method> <!-- tear_down -->
        <test-method is-config="true" signature="setup()[pri:0, instance:checkoutpreview.UI@740cae06]" started-at="2023-04-17T21:24:42 EET" name="setup" finished-at="2023-04-17T21:24:43 EET" duration-ms="688" status="PASS">
          <reporter-output>
          </reporter-output>
        </test-method> <!-- setup -->
        <test-method signature="checkUIPriceAfterTax()[pri:0, instance:checkoutpreview.UI@740cae06]" started-at="2023-04-17T21:24:43 EET" name="checkUIPriceAfterTax" description="test UI of checkout preview price after tax" finished-at="2023-04-17T21:24:45 EET" duration-ms="2073" status="PASS">
          <reporter-output>
          </reporter-output>
        </test-method> <!-- checkUIPriceAfterTax -->
        <test-method is-config="true" signature="tear_down()[pri:0, instance:checkoutpreview.UI@740cae06]" started-at="2023-04-17T21:24:45 EET" name="tear_down" finished-at="2023-04-17T21:24:45 EET" duration-ms="89" status="PASS">
          <reporter-output>
          </reporter-output>
        </test-method> <!-- tear_down -->
        <test-method is-config="true" signature="setup()[pri:0, instance:checkoutpreview.UI@740cae06]" started-at="2023-04-17T21:24:45 EET" name="setup" finished-at="2023-04-17T21:24:46 EET" duration-ms="679" status="PASS">
          <reporter-output>
          </reporter-output>
        </test-method> <!-- setup -->
        <test-method signature="checkUIPriceBeforeTax()[pri:0, instance:checkoutpreview.UI@740cae06]" started-at="2023-04-17T21:24:46 EET" name="checkUIPriceBeforeTax" description="test UI of checkout preview price before tax" finished-at="2023-04-17T21:24:48 EET" duration-ms="2132" status="PASS">
          <reporter-output>
          </reporter-output>
        </test-method> <!-- checkUIPriceBeforeTax -->
        <test-method is-config="true" signature="tear_down()[pri:0, instance:checkoutpreview.UI@740cae06]" started-at="2023-04-17T21:24:48 EET" name="tear_down" finished-at="2023-04-17T21:24:48 EET" duration-ms="91" status="PASS">
          <reporter-output>
          </reporter-output>
        </test-method> <!-- tear_down -->
        <test-method is-config="true" signature="setup()[pri:0, instance:checkoutpreview.UI@740cae06]" started-at="2023-04-17T21:24:48 EET" name="setup" finished-at="2023-04-17T21:24:48 EET" duration-ms="674" status="PASS">
          <reporter-output>
          </reporter-output>
        </test-method> <!-- setup -->
        <test-method signature="checkUITax()[pri:0, instance:checkoutpreview.UI@740cae06]" started-at="2023-04-17T21:24:48 EET" name="checkUITax" description="test UI of checkout preview tax" finished-at="2023-04-17T21:24:51 EET" duration-ms="2099" status="PASS">
          <reporter-output>
          </reporter-output>
        </test-method> <!-- checkUITax -->
        <test-method is-config="true" signature="tear_down()[pri:0, instance:checkoutpreview.UI@740cae06]" started-at="2023-04-17T21:24:51 EET" name="tear_down" finished-at="2023-04-17T21:24:51 EET" duration-ms="86" status="PASS">
          <reporter-output>
          </reporter-output>
        </test-method> <!-- tear_down -->
        <test-method is-config="true" signature="setup()[pri:0, instance:checkoutpreview.UI@740cae06]" started-at="2023-04-17T21:24:51 EET" name="setup" finished-at="2023-04-17T21:24:51 EET" duration-ms="747" status="PASS">
          <reporter-output>
          </reporter-output>
        </test-method> <!-- setup -->
        <test-method signature="checkUITwitterBtn()[pri:0, instance:checkoutpreview.UI@740cae06]" started-at="2023-04-17T21:24:51 EET" name="checkUITwitterBtn" description="test UI of checkout preview twitter btn" finished-at="2023-04-17T21:24:54 EET" duration-ms="2113" status="PASS">
          <reporter-output>
          </reporter-output>
        </test-method> <!-- checkUITwitterBtn -->
        <test-method is-config="true" signature="tear_down()[pri:0, instance:checkoutpreview.UI@740cae06]" started-at="2023-04-17T21:24:54 EET" name="tear_down" finished-at="2023-04-17T21:24:54 EET" duration-ms="86" status="PASS">
          <reporter-output>
          </reporter-output>
        </test-method> <!-- tear_down -->
      </class> <!-- checkoutpreview.UI -->
      <class name="completeCheckout.Functional">
        <test-method is-config="true" signature="setup()[pri:0, instance:completeCheckout.Functional@26d9b808]" started-at="2023-04-17T21:24:54 EET" name="setup" finished-at="2023-04-17T21:24:54 EET" duration-ms="767" status="PASS">
          <reporter-output>
          </reporter-output>
        </test-method> <!-- setup -->
        <test-method signature="pressBackBtn()[pri:0, instance:completeCheckout.Functional@26d9b808]" started-at="2023-04-17T21:24:54 EET" name="pressBackBtn" description="test the back btn in completed checkout" finished-at="2023-04-17T21:24:57 EET" duration-ms="3091" status="PASS">
          <reporter-output>
          </reporter-output>
        </test-method> <!-- pressBackBtn -->
        <test-method is-config="true" signature="tear_down()[pri:0, instance:completeCheckout.Functional@26d9b808]" started-at="2023-04-17T21:24:57 EET" name="tear_down" finished-at="2023-04-17T21:24:58 EET" duration-ms="82" status="PASS">
          <reporter-output>
          </reporter-output>
        </test-method> <!-- tear_down -->
      </class> <!-- completeCheckout.Functional -->
      <class name="logintestcases.Functional">
        <test-method is-config="true" signature="setup()[pri:0, instance:logintestcases.Functional@d86a6f]" started-at="2023-04-17T21:21:06 EET" name="setup" finished-at="2023-04-17T21:21:07 EET" duration-ms="790" status="PASS">
          <reporter-output>
          </reporter-output>
        </test-method> <!-- setup -->
        <test-method signature="checkSessionWhenPressBack(java.lang.String,java.lang.String)[pri:0, instance:logintestcases.Functional@d86a6f]" started-at="2023-04-17T21:21:07 EET" name="checkSessionWhenPressBack" description="check session after pressing back after signing in" data-provider="validData" finished-at="2023-04-17T21:21:08 EET" duration-ms="1344" status="PASS">
          <params>
            <param index="0">
              <value>
                <![CDATA[standard_user]]>
              </value>
            </param>
            <param index="1">
              <value>
                <![CDATA[secret_sauce]]>
              </value>
            </param>
          </params>
          <reporter-output>
          </reporter-output>
        </test-method> <!-- checkSessionWhenPressBack -->
        <test-method is-config="true" signature="tear_down()[pri:0, instance:logintestcases.Functional@d86a6f]" started-at="2023-04-17T21:21:08 EET" name="tear_down" finished-at="2023-04-17T21:21:08 EET" duration-ms="100" status="PASS">
          <reporter-output>
          </reporter-output>
        </test-method> <!-- tear_down -->
        <test-method is-config="true" signature="setup()[pri:0, instance:logintestcases.Functional@d86a6f]" started-at="2023-04-17T21:21:08 EET" name="setup" finished-at="2023-04-17T21:21:09 EET" duration-ms="724" status="PASS">
          <reporter-output>
          </reporter-output>
        </test-method> <!-- setup -->
        <test-method signature="invalidLogin(java.lang.String,java.lang.String,java.lang.String)[pri:0, instance:logintestcases.Functional@d86a6f]" started-at="2023-04-17T21:21:09 EET" name="invalidLogin" description="invalid credentials" data-provider="invalidData" finished-at="2023-04-17T21:21:10 EET" duration-ms="1393" status="PASS">
          <params>
            <param index="0">
              <value>
                <![CDATA[helo]]>
              </value>
            </param>
            <param index="1">
              <value>
                <![CDATA[yessir]]>
              </value>
            </param>
            <param index="2">
              <value>
                <![CDATA[Epic sadface: Username and password do not match any user in this service]]>
              </value>
            </param>
          </params>
          <reporter-output>
          </reporter-output>
        </test-method> <!-- invalidLogin -->
        <test-method is-config="true" signature="tear_down()[pri:0, instance:logintestcases.Functional@d86a6f]" started-at="2023-04-17T21:21:10 EET" name="tear_down" finished-at="2023-04-17T21:21:10 EET" duration-ms="91" status="PASS">
          <reporter-output>
          </reporter-output>
        </test-method> <!-- tear_down -->
        <test-method is-config="true" signature="setup()[pri:0, instance:logintestcases.Functional@d86a6f]" started-at="2023-04-17T21:21:10 EET" name="setup" finished-at="2023-04-17T21:21:11 EET" duration-ms="778" status="PASS">
          <reporter-output>
          </reporter-output>
        </test-method> <!-- setup -->
        <test-method signature="invalidLogin(java.lang.String,java.lang.String,java.lang.String)[pri:0, instance:logintestcases.Functional@d86a6f]" started-at="2023-04-17T21:21:11 EET" name="invalidLogin" description="invalid credentials" data-provider="invalidData" finished-at="2023-04-17T21:21:12 EET" duration-ms="1287" status="PASS">
          <params>
            <param index="0">
              <value>
                <![CDATA[standard_user]]>
              </value>
            </param>
            <param index="1">
              <value>
                <![CDATA[]]>
              </value>
            </param>
            <param index="2">
              <value>
                <![CDATA[Epic sadface: Password is required]]>
              </value>
            </param>
          </params>
          <reporter-output>
          </reporter-output>
        </test-method> <!-- invalidLogin -->
        <test-method is-config="true" signature="tear_down()[pri:0, instance:logintestcases.Functional@d86a6f]" started-at="2023-04-17T21:21:12 EET" name="tear_down" finished-at="2023-04-17T21:21:12 EET" duration-ms="99" status="PASS">
          <reporter-output>
          </reporter-output>
        </test-method> <!-- tear_down -->
        <test-method is-config="true" signature="setup()[pri:0, instance:logintestcases.Functional@d86a6f]" started-at="2023-04-17T21:21:12 EET" name="setup" finished-at="2023-04-17T21:21:13 EET" duration-ms="767" status="PASS">
          <reporter-output>
          </reporter-output>
        </test-method> <!-- setup -->
        <test-method signature="invalidLogin(java.lang.String,java.lang.String,java.lang.String)[pri:0, instance:logintestcases.Functional@d86a6f]" started-at="2023-04-17T21:21:13 EET" name="invalidLogin" description="invalid credentials" data-provider="invalidData" finished-at="2023-04-17T21:21:15 EET" duration-ms="1383" status="PASS">
          <params>
            <param index="0">
              <value>
                <![CDATA[]]>
              </value>
            </param>
            <param index="1">
              <value>
                <![CDATA[secret_sauce]]>
              </value>
            </param>
            <param index="2">
              <value>
                <![CDATA[Epic sadface: Username is required]]>
              </value>
            </param>
          </params>
          <reporter-output>
          </reporter-output>
        </test-method> <!-- invalidLogin -->
        <test-method is-config="true" signature="tear_down()[pri:0, instance:logintestcases.Functional@d86a6f]" started-at="2023-04-17T21:21:15 EET" name="tear_down" finished-at="2023-04-17T21:21:15 EET" duration-ms="96" status="PASS">
          <reporter-output>
          </reporter-output>
        </test-method> <!-- tear_down -->
        <test-method is-config="true" signature="setup()[pri:0, instance:logintestcases.Functional@d86a6f]" started-at="2023-04-17T21:21:15 EET" name="setup" finished-at="2023-04-17T21:21:15 EET" duration-ms="774" status="PASS">
          <reporter-output>
          </reporter-output>
        </test-method> <!-- setup -->
        <test-method signature="invalidLogin(java.lang.String,java.lang.String,java.lang.String)[pri:0, instance:logintestcases.Functional@d86a6f]" started-at="2023-04-17T21:21:15 EET" name="invalidLogin" description="invalid credentials" data-provider="invalidData" finished-at="2023-04-17T21:21:17 EET" duration-ms="1355" status="PASS">
          <params>
            <param index="0">
              <value>
                <![CDATA[]]>
              </value>
            </param>
            <param index="1">
              <value>
                <![CDATA[]]>
              </value>
            </param>
            <param index="2">
              <value>
                <![CDATA[Epic sadface: Username is required]]>
              </value>
            </param>
          </params>
          <reporter-output>
          </reporter-output>
        </test-method> <!-- invalidLogin -->
        <test-method is-config="true" signature="tear_down()[pri:0, instance:logintestcases.Functional@d86a6f]" started-at="2023-04-17T21:21:17 EET" name="tear_down" finished-at="2023-04-17T21:21:17 EET" duration-ms="102" status="PASS">
          <reporter-output>
[...]
          <reporter-output>
          </reporter-output>
        </test-method> <!-- tear_down -->
        <test-method is-config="true" signature="setup()[pri:0, instance:checkout.UI@46cdf8bd]" started-at="2023-04-17T21:24:01 EET" name="setup" finished-at="2023-04-17T21:24:02 EET" duration-ms="745" status="PASS">
          <reporter-output>
          </reporter-output>
        </test-method> <!-- setup -->
        <test-method signature="checkUILinkedInBtn()[pri:0, instance:checkout.UI@46cdf8bd]" started-at="2023-04-17T21:24:02 EET" name="checkUILinkedInBtn" description="check checkout UI linkedin btn" finished-at="2023-04-17T21:24:04 EET" duration-ms="1888" status="PASS">
          <reporter-output>
          </reporter-output>
        </test-method> <!-- checkUILinkedInBtn -->
        <test-method is-config="true" signature="tear_down()[pri:0, instance:checkout.UI@46cdf8bd]" started-at="2023-04-17T21:24:04 EET" name="tear_down" finished-at="2023-04-17T21:24:04 EET" duration-ms="87" status="PASS">
          <reporter-output>
          </reporter-output>
        </test-method> <!-- tear_down -->
        <test-method is-config="true" signature="setup()[pri:0, instance:checkout.UI@46cdf8bd]" started-at="2023-04-17T21:24:04 EET" name="setup" finished-at="2023-04-17T21:24:04 EET" duration-ms="711" status="PASS">
          <reporter-output>
          </reporter-output>
        </test-method> <!-- setup -->
        <test-method signature="checkUILogo()[pri:0, instance:checkout.UI@46cdf8bd]" started-at="2023-04-17T21:24:04 EET" name="checkUILogo" description="check checkout UI logo" finished-at="2023-04-17T21:24:06 EET" duration-ms="1977" status="PASS">
          <reporter-output>
          </reporter-output>
        </test-method> <!-- checkUILogo -->
        <test-method is-config="true" signature="tear_down()[pri:0, instance:checkout.UI@46cdf8bd]" started-at="2023-04-17T21:24:06 EET" name="tear_down" finished-at="2023-04-17T21:24:06 EET" duration-ms="92" status="PASS">
          <reporter-output>
          </reporter-output>
        </test-method> <!-- tear_down -->
        <test-method is-config="true" signature="setup()[pri:0, instance:checkout.UI@46cdf8bd]" started-at="2023-04-17T21:24:06 EET" name="setup" finished-at="2023-04-17T21:24:07 EET" duration-ms="683" status="PASS">
          <reporter-output>
          </reporter-output>
        </test-method> <!-- setup -->
        <test-method signature="checkUIMenuBtn()[pri:0, instance:checkout.UI@46cdf8bd]" started-at="2023-04-17T21:24:07 EET" name="checkUIMenuBtn" description="check checkout UI menu" finished-at="2023-04-17T21:24:09 EET" duration-ms="1974" status="PASS">
          <reporter-output>
          </reporter-output>
        </test-method> <!-- checkUIMenuBtn -->
        <test-method is-config="true" signature="tear_down()[pri:0, instance:checkout.UI@46cdf8bd]" started-at="2023-04-17T21:24:09 EET" name="tear_down" finished-at="2023-04-17T21:24:09 EET" duration-ms="88" status="PASS">
          <reporter-output>
          </reporter-output>
        </test-method> <!-- tear_down -->
        <test-method is-config="true" signature="setup()[pri:0, instance:checkout.UI@46cdf8bd]" started-at="2023-04-17T21:24:09 EET" name="setup" finished-at="2023-04-17T21:24:10 EET" duration-ms="700" status="PASS">
          <reporter-output>
          </reporter-output>
        </test-method> <!-- setup -->
        <test-method signature="checkUIPostalCode()[pri:0, instance:checkout.UI@46cdf8bd]" started-at="2023-04-17T21:24:10 EET" name="checkUIPostalCode" description="check checkout UI postal code" finished-at="2023-04-17T21:24:12 EET" duration-ms="1933" status="PASS">
          <reporter-output>
          </reporter-output>
        </test-method> <!-- checkUIPostalCode -->
        <test-method is-config="true" signature="tear_down()[pri:0, instance:checkout.UI@46cdf8bd]" started-at="2023-04-17T21:24:12 EET" name="tear_down" finished-at="2023-04-17T21:24:12 EET" duration-ms="95" status="PASS">
          <reporter-output>
          </reporter-output>
        </test-method> <!-- tear_down -->
        <test-method is-config="true" signature="setup()[pri:0, instance:checkout.UI@46cdf8bd]" started-at="2023-04-17T21:24:12 EET" name="setup" finished-at="2023-04-17T21:24:13 EET" duration-ms="711" status="PASS">
          <reporter-output>
          </reporter-output>
        </test-method> <!-- setup -->
        <test-method signature="checkUITwitterBtn()[pri:0, instance:checkout.UI@46cdf8bd]" started-at="2023-04-17T21:24:13 EET" name="checkUITwitterBtn" description="check checkout UI Twitter btn" finished-at="2023-04-17T21:24:16 EET" duration-ms="3062" status="PASS">
          <reporter-output>
          </reporter-output>
        </test-method> <!-- checkUITwitterBtn -->
        <test-method is-config="true" signature="tear_down()[pri:0, instance:checkout.UI@46cdf8bd]" started-at="2023-04-17T21:24:16 EET" name="tear_down" finished-at="2023-04-17T21:24:16 EET" duration-ms="39" status="PASS">
          <reporter-output>
          </reporter-output>
        </test-method> <!-- tear_down -->
      </class> <!-- checkout.UI -->
      <class name="logintestcases.UI">
        <test-method is-config="true" signature="setup()[pri:0, instance:logintestcases.UI@4659191b]" started-at="2023-04-17T21:20:56 EET" name="setup" finished-at="2023-04-17T21:20:58 EET" duration-ms="2286" status="PASS">
          <reporter-output>
          </reporter-output>
        </test-method> <!-- setup -->
        <test-method signature="checkUIContent()[pri:0, instance:logintestcases.UI@4659191b]" started-at="2023-04-17T21:20:58 EET" name="checkUIContent" description="check sign_in UI" finished-at="2023-04-17T21:21:00 EET" duration-ms="2021" status="PASS">
          <reporter-output>
          </reporter-output>
        </test-method> <!-- checkUIContent -->
        <test-method is-config="true" signature="tear_down()[pri:0, instance:logintestcases.UI@4659191b]" started-at="2023-04-17T21:21:00 EET" name="tear_down" finished-at="2023-04-17T21:21:00 EET" duration-ms="89" status="PASS">
          <reporter-output>
          </reporter-output>
        </test-method> <!-- tear_down -->
        <test-method is-config="true" signature="setup()[pri:0, instance:logintestcases.UI@4659191b]" started-at="2023-04-17T21:21:00 EET" name="setup" finished-at="2023-04-17T21:21:01 EET" duration-ms="713" status="PASS">
          <reporter-output>
          </reporter-output>
        </test-method> <!-- setup -->
        <test-method signature="checkUIContentLoginBtn()[pri:0, instance:logintestcases.UI@4659191b]" started-at="2023-04-17T21:21:01 EET" name="checkUIContentLoginBtn" description="check sign_in UI login" finished-at="2023-04-17T21:21:02 EET" duration-ms="1056" status="PASS">
          <reporter-output>
          </reporter-output>
        </test-method> <!-- checkUIContentLoginBtn -->
        <test-method is-config="true" signature="tear_down()[pri:0, instance:logintestcases.UI@4659191b]" started-at="2023-04-17T21:21:02 EET" name="tear_down" finished-at="2023-04-17T21:21:02 EET" duration-ms="89" status="PASS">
          <reporter-output>
          </reporter-output>
        </test-method> <!-- tear_down -->
        <test-method is-config="true" signature="setup()[pri:0, instance:logintestcases.UI@4659191b]" started-at="2023-04-17T21:21:02 EET" name="setup" finished-at="2023-04-17T21:21:03 EET" duration-ms="778" status="PASS">
          <reporter-output>
          </reporter-output>
        </test-method> <!-- setup -->
        <test-method signature="checkUIContentPass()[pri:0, instance:logintestcases.UI@4659191b]" started-at="2023-04-17T21:21:03 EET" name="checkUIContentPass" description="check sign_in UI password" finished-at="2023-04-17T21:21:04 EET" duration-ms="1013" status="PASS">
          <reporter-output>
          </reporter-output>
        </test-method> <!-- checkUIContentPass -->
        <test-method is-config="true" signature="tear_down()[pri:0, instance:logintestcases.UI@4659191b]" started-at="2023-04-17T21:21:04 EET" name="tear_down" finished-at="2023-04-17T21:21:04 EET" duration-ms="90" status="PASS">
          <reporter-output>
          </reporter-output>
        </test-method> <!-- tear_down -->
        <test-method is-config="true" signature="setup()[pri:0, instance:logintestcases.UI@4659191b]" started-at="2023-04-17T21:21:04 EET" name="setup" finished-at="2023-04-17T21:21:04 EET" duration-ms="714" status="PASS">
          <reporter-output>
          </reporter-output>
        </test-method> <!-- setup -->
        <test-method signature="checkUIContentUserName()[pri:0, instance:logintestcases.UI@4659191b]" started-at="2023-04-17T21:21:04 EET" name="checkUIContentUserName" description="check sign_in UI username" finished-at="2023-04-17T21:21:06 EET" duration-ms="1260" status="PASS">
          <reporter-output>
          </reporter-output>
        </test-method> <!-- checkUIContentUserName -->
        <test-method is-config="true" signature="tear_down()[pri:0, instance:logintestcases.UI@4659191b]" started-at="2023-04-17T21:21:06 EET" name="tear_down" finished-at="2023-04-17T21:21:06 EET" duration-ms="86" status="PASS">
          <reporter-output>
          </reporter-output>
        </test-method> <!-- tear_down -->
      </class> <!-- logintestcases.UI -->
      <class name="completeCheckout.UI">
        <test-method is-config="true" signature="setup()[pri:0, instance:completeCheckout.UI@f78a47e]" started-at="2023-04-17T21:24:58 EET" name="setup" finished-at="2023-04-17T21:24:58 EET" duration-ms="678" status="PASS">
          <reporter-output>
          </reporter-output>
        </test-method> <!-- setup -->
        <test-method signature="checkUI()[pri:0, instance:completeCheckout.UI@f78a47e]" started-at="2023-04-17T21:24:58 EET" name="checkUI" description="test completed checkout UI back btn" finished-at="2023-04-17T21:25:00 EET" duration-ms="2145" status="PASS">
          <reporter-output>
          </reporter-output>
        </test-method> <!-- checkUI -->
        <test-method is-config="true" signature="tear_down()[pri:0, instance:completeCheckout.UI@f78a47e]" started-at="2023-04-17T21:25:00 EET" name="tear_down" finished-at="2023-04-17T21:25:00 EET" duration-ms="92" status="PASS">
          <reporter-output>
          </reporter-output>
        </test-method> <!-- tear_down -->
        <test-method is-config="true" signature="setup()[pri:0, instance:completeCheckout.UI@f78a47e]" started-at="2023-04-17T21:25:00 EET" name="setup" finished-at="2023-04-17T21:25:01 EET" duration-ms="756" status="PASS">
          <reporter-output>
          </reporter-output>
        </test-method> <!-- setup -->
        <test-method signature="checkUICart()[pri:0, instance:completeCheckout.UI@f78a47e]" started-at="2023-04-17T21:25:01 EET" name="checkUICart" description="test completed checkout UI cart" finished-at="2023-04-17T21:25:03 EET" duration-ms="2165" status="PASS">
          <reporter-output>
          </reporter-output>
        </test-method> <!-- checkUICart -->
        <test-method is-config="true" signature="tear_down()[pri:0, instance:completeCheckout.UI@f78a47e]" started-at="2023-04-17T21:25:03 EET" name="tear_down" finished-at="2023-04-17T21:25:03 EET" duration-ms="41" status="PASS">
          <reporter-output>
          </reporter-output>
        </test-method> <!-- tear_down -->
        <test-method is-config="true" signature="setup()[pri:0, instance:completeCheckout.UI@f78a47e]" started-at="2023-04-17T21:25:03 EET" name="setup" finished-at="2023-04-17T21:25:04 EET" duration-ms="773" status="PASS">
          <reporter-output>
          </reporter-output>
        </test-method> <!-- setup -->
        <test-method signature="checkUICompleteContainer()[pri:0, instance:completeCheckout.UI@f78a47e]" started-at="2023-04-17T21:25:04 EET" name="checkUICompleteContainer" description="test completed checkout UI complete container" finished-at="2023-04-17T21:25:06 EET" duration-ms="2212" status="PASS">
          <reporter-output>
          </reporter-output>
        </test-method> <!-- checkUICompleteContainer -->
        <test-method is-config="true" signature="tear_down()[pri:0, instance:completeCheckout.UI@f78a47e]" started-at="2023-04-17T21:25:06 EET" name="tear_down" finished-at="2023-04-17T21:25:06 EET" duration-ms="88" status="PASS">
          <reporter-output>
          </reporter-output>
        </test-method> <!-- tear_down -->
        <test-method is-config="true" signature="setup()[pri:0, instance:completeCheckout.UI@f78a47e]" started-at="2023-04-17T21:25:06 EET" name="setup" finished-at="2023-04-17T21:25:07 EET" duration-ms="763" status="PASS">
          <reporter-output>
          </reporter-output>
        </test-method> <!-- setup -->
        <test-method signature="checkUICompletionImg()[pri:0, instance:completeCheckout.UI@f78a47e]" started-at="2023-04-17T21:25:07 EET" name="checkUICompletionImg" description="test completed checkout UI completion img" finished-at="2023-04-17T21:25:09 EET" duration-ms="2137" status="PASS">
          <reporter-output>
          </reporter-output>
        </test-method> <!-- checkUICompletionImg -->
        <test-method is-config="true" signature="tear_down()[pri:0, instance:completeCheckout.UI@f78a47e]" started-at="2023-04-17T21:25:09 EET" name="tear_down" finished-at="2023-04-17T21:25:09 EET" duration-ms="91" status="PASS">
          <reporter-output>
          </reporter-output>
        </test-method> <!-- tear_down -->
        <test-method is-config="true" signature="setup()[pri:0, instance:completeCheckout.UI@f78a47e]" started-at="2023-04-17T21:25:09 EET" name="setup" finished-at="2023-04-17T21:25:10 EET" duration-ms="751" status="PASS">
          <reporter-output>
          </reporter-output>
        </test-method> <!-- setup -->
        <test-method signature="checkUICompletionText()[pri:0, instance:completeCheckout.UI@f78a47e]" started-at="2023-04-17T21:25:10 EET" name="checkUICompletionText" description="test completed checkout UI completion text" finished-at="2023-04-17T21:25:12 EET" duration-ms="2174" status="PASS">
          <reporter-output>
          </reporter-output>
        </test-method> <!-- checkUICompletionText -->
        <test-method is-config="true" signature="tear_down()[pri:0, instance:completeCheckout.UI@f78a47e]" started-at="2023-04-17T21:25:12 EET" name="tear_down" finished-at="2023-04-17T21:25:12 EET" duration-ms="76" status="PASS">
          <reporter-output>
          </reporter-output>
        </test-method> <!-- tear_down -->
        <test-method is-config="true" signature="setup()[pri:0, instance:completeCheckout.UI@f78a47e]" started-at="2023-04-17T21:25:12 EET" name="setup" finished-at="2023-04-17T21:25:13 EET" duration-ms="745" status="PASS">
          <reporter-output>
          </reporter-output>
        </test-method> <!-- setup -->
        <test-method signature="checkUIFaceBookBtn()[pri:0, instance:completeCheckout.UI@f78a47e]" started-at="2023-04-17T21:25:13 EET" name="checkUIFaceBookBtn" description="test completed checkout UI facebook btn" finished-at="2023-04-17T21:25:15 EET" duration-ms="2116" status="PASS">
          <reporter-output>
          </reporter-output>
        </test-method> <!-- checkUIFaceBookBtn -->
        <test-method is-config="true" signature="tear_down()[pri:0, instance:completeCheckout.UI@f78a47e]" started-at="2023-04-17T21:25:15 EET" name="tear_down" finished-at="2023-04-17T21:25:15 EET" duration-ms="88" status="PASS">
          <reporter-output>
          </reporter-output>
        </test-method> <!-- tear_down -->
        <test-method is-config="true" signature="setup()[pri:0, instance:completeCheckout.UI@f78a47e]" started-at="2023-04-17T21:25:15 EET" name="setup" finished-at="2023-04-17T21:25:16 EET" duration-ms="688" status="PASS">
          <reporter-output>
          </reporter-output>
        </test-method> <!-- setup -->
        <test-method signature="checkUILinkedInBtn()[pri:0, instance:completeCheckout.UI@f78a47e]" started-at="2023-04-17T21:25:16 EET" name="checkUILinkedInBtn" description="test completed checkout UI linkedin btn" finished-at="2023-04-17T21:25:18 EET" duration-ms="2226" status="PASS">
          <reporter-output>
          </reporter-output>
        </test-method> <!-- checkUILinkedInBtn -->
        <test-method is-config="true" signature="tear_down()[pri:0, instance:completeCheckout.UI@f78a47e]" started-at="2023-04-17T21:25:18 EET" name="tear_down" finished-at="2023-04-17T21:25:18 EET" duration-ms="73" status="PASS">
          <reporter-output>
          </reporter-output>
        </test-method> <!-- tear_down -->
        <test-method is-config="true" signature="setup()[pri:0, instance:completeCheckout.UI@f78a47e]" started-at="2023-04-17T21:25:18 EET" name="setup" finished-at="2023-04-17T21:25:19 EET" duration-ms="677" status="PASS">
          <reporter-output>
          </reporter-output>
        </test-method> <!-- setup -->
        <test-method signature="checkUILogo()[pri:0, instance:completeCheckout.UI@f78a47e]" started-at="2023-04-17T21:25:19 EET" name="checkUILogo" description="test completed checkout UI logo" finished-at="2023-04-17T21:25:21 EET" duration-ms="2122" status="PASS">
          <reporter-output>
          </reporter-output>
        </test-method> <!-- checkUILogo -->
        <test-method is-config="true" signature="tear_down()[pri:0, instance:completeCheckout.UI@f78a47e]" started-at="2023-04-17T21:25:21 EET" name="tear_down" finished-at="2023-04-17T21:25:21 EET" duration-ms="87" status="PASS">
          <reporter-output>
          </reporter-output>
        </test-method> <!-- tear_down -->
        <test-method is-config="true" signature="setup()[pri:0, instance:completeCheckout.UI@f78a47e]" started-at="2023-04-17T21:25:21 EET" name="setup" finished-at="2023-04-17T21:25:22 EET" duration-ms="694" status="PASS">
          <reporter-output>
          </reporter-output>
        </test-method> <!-- setup -->
        <test-method signature="checkUIMenuBtn()[pri:0, instance:completeCheckout.UI@f78a47e]" started-at="2023-04-17T21:25:22 EET" name="checkUIMenuBtn" description="test completed checkout UI Menu" finished-at="2023-04-17T21:25:24 EET" duration-ms="2092" status="PASS">
          <reporter-output>
          </reporter-output>
        </test-method> <!-- checkUIMenuBtn -->
        <test-method is-config="true" signature="tear_down()[pri:0, instance:completeCheckout.UI@f78a47e]" started-at="2023-04-17T21:25:24 EET" name="tear_down" finished-at="2023-04-17T21:25:24 EET" duration-ms="86" status="PASS">
          <reporter-output>
          </reporter-output>
        </test-method> <!-- tear_down -->
        <test-method is-config="true" signature="setup()[pri:0, instance:completeCheckout.UI@f78a47e]" started-at="2023-04-17T21:25:24 EET" name="setup" finished-at="2023-04-17T21:25:25 EET" duration-ms="678" status="PASS">
          <reporter-output>
          </reporter-output>
        </test-method> <!-- setup -->
        <test-method signature="checkUITwitterBtn()[pri:0, instance:completeCheckout.UI@f78a47e]" started-at="2023-04-17T21:25:25 EET" name="checkUITwitterBtn" description="test completed checkout UI twitter" finished-at="2023-04-17T21:25:27 EET" duration-ms="2138" status="PASS">
          <reporter-output>
          </reporter-output>
        </test-method> <!-- checkUITwitterBtn -->
        <test-method is-config="true" signature="tear_down()[pri:0, instance:completeCheckout.UI@f78a47e]" started-at="2023-04-17T21:25:27 EET" name="tear_down" finished-at="2023-04-17T21:25:27 EET" duration-ms="39" status="PASS">
          <reporter-output>
          </reporter-output>
        </test-method> <!-- tear_down -->
      </class> <!-- completeCheckout.UI -->
    </test> <!-- test -->
  </suite> <!-- Suite -->
</testng-results>
