<?xml version="1.0" encoding="UTF-8"?>
<!-- Generated by org.testng.reporters.JUnitXMLReporter -->
<testsuite ignored="0" hostname="DESKTOP-LJUN8GS" failures="0" tests="30" name="login" time="83.595" errors="0" timestamp="2023-04-17T14:42:30 EET">
  <testcase classname="logintestcases.Uicases" name="checkUIContent" time="1.108"/>
  <testcase classname="logintestcases.Functioncases" name="checkSessionWhenPressBack" time="1.366"/>
  <testcase classname="logintestcases.Functioncases" name="invalidLogin" time="1.355"/>
  <testcase classname="logintestcases.Functioncases" name="invalidLogin" time="1.516"/>
  <testcase classname="logintestcases.Functioncases" name="invalidLogin" time="1.263"/>
  <testcase classname="logintestcases.Functioncases" name="invalidLogin" time="1.272"/>
  <testcase classname="logintestcases.Functioncases" name="invalidLogin" time="1.3"/>
  <testcase classname="logintestcases.Functioncases" name="validLogin" time="1.297"/>
  <testcase classname="productstestcases.Functional" name="checkaddtocart" time="1.998"/>
  <testcase classname="productstestcases.Functional" name="filterPriceHighToLow" time="1.425"/>
  <testcase classname="productstestcases.Functional" name="filterPriceLowToHigh" time="1.494"/>
  <testcase classname="productstestcases.Functional" name="filternames_AZ" time="1.405"/>
  <testcase classname="productstestcases.Functional" name="filternames_ZA" time="1.464"/>
  <testcase classname="productstestcases.Functional" name="productAddToCart" time="1.633"/>
  <testcase classname="productstestcases.Functional" name="productClick" time="1.782"/>
  <testcase classname="productstestcases.UITestCases" name="checkProductItemsUI" time="1.771"/>
  <testcase classname="productstestcases.UITestCases" name="checkUIContent" time="1.64"/>
  <testcase classname="carttestcases.Functional" name="check_out_btn" time="1.886"/>
  <testcase classname="carttestcases.Functional" name="check_remove_function" time="2.941"/>
  <testcase classname="carttestcases.Functional" name="continue_shopping_btn" time="1.904"/>
  <testcase classname="carttestcases.UI" name="checkContentwhileAllItemsAdded" time="1.94"/>
  <testcase classname="checkOut.Functional" name="press_cancelButton" time="1.969"/>
  <testcase classname="checkOut.Functional" name="press_continue" time="2.933"/>
  <testcase classname="checkOut.UI" name="checkUI" time="4.03"/>
  <testcase classname="checkoutpreview.Functional" name="cancelling" time="2.104"/>
  <testcase classname="checkoutpreview.Functional" name="ordering" time="2.608"/>
  <testcase classname="checkoutpreview.UI" name="checkUI" time="2.172"/>
  <testcase classname="completeCheckout.Functional" name="pressBackBtn" time="3.165"/>
  <testcase classname="completeCheckout.UI" name="checkUI" time="2.271"/>
  <testcase classname="endtoend.EndToEnd" name="EndToEndtest" time="1.901"/>
</testsuite> <!-- login -->
