<?xml version="1.0" encoding="UTF-8"?>
<!-- Generated by org.testng.reporters.JUnitXMLReporter -->
<testsuite ignored="2" hostname="DESKTOP-LJUN8GS" failures="0" tests="9" name="procuts" time="0.027" errors="0" timestamp="2023-04-16T15:12:06 EET">
  <testcase classname="base.SetupDriver" name="@BeforeTest setup" time="0.0">
    <failure type="java.lang.NullPointerException" message="Cannot invoke &amp;quot;String.equalsIgnoreCase(String)&amp;quot; because the return value of &amp;quot;java.util.Properties.getProperty(String)&amp;quot; is null">
      <![CDATA[java.lang.NullPointerException: Cannot invoke "String.equalsIgnoreCase(String)" because the return value of "java.util.Properties.getProperty(String)" is null
at base.SetupDriver.setup(SetupDriver.java:32)
... Removed 24 stack frames]]>
    </failure>
  </testcase> <!-- @BeforeTest setup -->
  <testcase classname="base.SetupDriver" name="@AfterTest tear_down" time="-1.68165072632E9">
    <skipped/>
  </testcase> <!-- @AfterTest tear_down -->
  <testcase classname="productstestcases.UITestCases" name="checkProductItemsUI" time="0.0">
    <skipped/>
  </testcase> <!-- checkProductItemsUI -->
  <testcase classname="productstestcases.UITestCases" name="checkUIContent" time="0.0">
    <skipped/>
  </testcase> <!-- checkUIContent -->
  <testcase classname="productstestcases.Functional" name="checkaddtocart" time="0.0">
    <skipped/>
  </testcase> <!-- checkaddtocart -->
  <testcase classname="productstestcases.Functional" name="filterPriceHighToLow" time="0.0">
    <skipped/>
  </testcase> <!-- filterPriceHighToLow -->
  <testcase classname="productstestcases.Functional" name="filterPriceLowToHigh" time="0.0">
    <skipped/>
  </testcase> <!-- filterPriceLowToHigh -->
  <testcase classname="productstestcases.Functional" name="filternames_AZ" time="0.0">
    <skipped/>
  </testcase> <!-- filternames_AZ -->
  <testcase classname="productstestcases.Functional" name="filternames_ZA" time="0.0">
    <skipped/>
  </testcase> <!-- filternames_ZA -->
  <testcase classname="productstestcases.Functional" name="productAddToCart" time="0.0">
    <skipped/>
  </testcase> <!-- productAddToCart -->
  <testcase classname="productstestcases.Functional" name="productClick" time="0.0">
    <skipped/>
  </testcase> <!-- productClick -->
  <testcase classname="base.SetupDriver" name="@AfterTest tear_down" time="0.0">
    <ignored/>
  </testcase> <!-- @AfterTest tear_down -->
  <testcase classname="base.SetupDriver" name="@BeforeTest setup" time="0.0">
    <ignored/>
  </testcase> <!-- @BeforeTest setup -->
</testsuite> <!-- procuts -->
