<?xml version="1.0" encoding="UTF-8"?>
<!-- Generated by org.testng.reporters.JUnitXMLReporter -->
<testsuite ignored="0" hostname="DESKTOP-LJUN8GS" failures="1" tests="4" name="test" time="7.966" errors="0" timestamp="2023-05-06T10:26:36 EET">
  <testcase classname="logintestcases.UI" name="checkUIContent" time="0.983">
    <failure type="java.lang.AssertionError" message="expected [true] but found [false]">
      <![CDATA[java.lang.AssertionError: expected [true] but found [false]
at logintestcases.UI.checkUIContent(UI.java:18)
at java.base/java.util.ArrayList.forEach(ArrayList.java:1511)
... Removed 31 stack frames]]>
    </failure>
  </testcase> <!-- checkUIContent -->
  <testcase classname="logintestcases.UI" name="checkUIContentLoginBtn" time="1.015"/>
  <testcase classname="logintestcases.UI" name="checkUIContentPass" time="1.017"/>
  <testcase classname="logintestcases.UI" name="checkUIContentUserName" time="0.989"/>
</testsuite> <!-- test -->
