<?xml version="1.0" encoding="UTF-8"?>
<!-- Generated by org.testng.reporters.JUnitXMLReporter -->
<testsuite ignored="0" hostname="DESKTOP-LJUN8GS" failures="0" tests="100" name="test" time="274.025" errors="0" timestamp="2023-04-17T21:25:30 EET">
  <testcase classname="logintestcases.UI" name="checkUIContent" time="2.021"/>
  <testcase classname="logintestcases.UI" name="checkUIContentLoginBtn" time="1.056"/>
  <testcase classname="logintestcases.UI" name="checkUIContentPass" time="1.013"/>
  <testcase classname="logintestcases.UI" name="checkUIContentUserName" time="1.26"/>
  <testcase classname="logintestcases.Functional" name="checkSessionWhenPressBack" time="1.344"/>
  <testcase classname="logintestcases.Functional" name="invalidLogin" time="1.393"/>
  <testcase classname="logintestcases.Functional" name="invalidLogin" time="1.287"/>
  <testcase classname="logintestcases.Functional" name="invalidLogin" time="1.383"/>
  <testcase classname="logintestcases.Functional" name="invalidLogin" time="1.355"/>
  <testcase classname="logintestcases.Functional" name="invalidLogin" time="1.291"/>
  <testcase classname="logintestcases.Functional" name="validLogin" time="1.285"/>
  <testcase classname="productstestcases.Functional" name="checkaddtocart" time="2.034"/>
  <testcase classname="productstestcases.Functional" name="filterPriceHighToLow" time="1.468"/>
  <testcase classname="productstestcases.Functional" name="filterPriceLowToHigh" time="1.444"/>
  <testcase classname="productstestcases.Functional" name="filternames_AZ" time="1.414"/>
  <testcase classname="productstestcases.Functional" name="filternames_ZA" time="1.424"/>
  <testcase classname="productstestcases.Functional" name="productAddToCart" time="1.622"/>
  <testcase classname="productstestcases.Functional" name="productClick" time="1.644"/>
  <testcase classname="productstestcases.UI" name="checkProductItemsUI" time="1.384"/>
  <testcase classname="productstestcases.UI" name="checkProductItemsUIBackBtn" time="1.342"/>
  <testcase classname="productstestcases.UI" name="checkProductItemsUICart" time="1.374"/>
  <testcase classname="productstestcases.UI" name="checkProductItemsUIFaceBookBtn" time="2.99"/>
  <testcase classname="productstestcases.UI" name="checkProductItemsUIImg" time="1.401"/>
  <testcase classname="productstestcases.UI" name="checkProductItemsUILinkedInBtn" time="1.33"/>
  <testcase classname="productstestcases.UI" name="checkProductItemsUIMenu" time="1.346"/>
  <testcase classname="productstestcases.UI" name="checkProductItemsUIPriceTag" time="1.393"/>
  <testcase classname="productstestcases.UI" name="checkProductItemsUITwitter" time="1.343"/>
  <testcase classname="productstestcases.UI" name="checkUIContent" time="1.313"/>
  <testcase classname="productstestcases.UI" name="checkUIContentCart" time="1.282"/>
  <testcase classname="productstestcases.UI" name="checkUIContentFaceBookBtn" time="1.317"/>
  <testcase classname="productstestcases.UI" name="checkUIContentFilter" time="1.299"/>
  <testcase classname="productstestcases.UI" name="checkUIContentLinkedInBtn" time="1.474"/>
  <testcase classname="productstestcases.UI" name="checkUIContentMenu" time="1.337"/>
  <testcase classname="productstestcases.UI" name="checkUIContentPriceTag" time="1.607"/>
  <testcase classname="productstestcases.UI" name="checkUIContentProducts" time="1.284"/>
  <testcase classname="productstestcases.UI" name="checkUIContentTwitterBtn" time="1.49"/>
  <testcase classname="menu.Functional" name="pressAbout" time="9.046"/>
  <testcase classname="menu.Functional" name="pressAllItems" time="2.107"/>
  <testcase classname="menu.Functional" name="pressLogOut" time="2.17"/>
  <testcase classname="menu.Functional" name="pressResetAppState" time="2.568"/>
  <testcase classname="menu.UI" name="checkLogOut" time="1.874"/>
  <testcase classname="menu.UI" name="checkMenuSidebarAboutLink" time="1.956"/>
  <testcase classname="menu.UI" name="checkMenuSidebarAllItemsLink" time="1.855"/>
  <testcase classname="menu.UI" name="checkStateResetLink" time="1.855"/>
  <testcase classname="menu.UI" name="checkmenusidebar" time="1.335"/>
  <testcase classname="carttestcases.Functional" name="testChecOutBbtn" time="1.845"/>
  <testcase classname="carttestcases.Functional" name="testContinueShoppingBtn" time="1.901"/>
  <testcase classname="carttestcases.Functional" name="testRemoveBtn" time="2.908"/>
  <testcase classname="carttestcases.UI" name="checkCartUICartQuantity" time="1.848"/>
  <testcase classname="carttestcases.UI" name="checkCartUICartQuantityWithoutItems" time="1.357"/>
  <testcase classname="carttestcases.UI" name="checkCartUICheckoutBtn" time="1.909"/>
  <testcase classname="carttestcases.UI" name="checkCartUIContinuseBtn" time="1.92"/>
  <testcase classname="carttestcases.UI" name="checkCartUIFacebookBtn" time="1.933"/>
  <testcase classname="carttestcases.UI" name="checkCartUILinkedinBtn" time="1.906"/>
  <testcase classname="carttestcases.UI" name="checkCartUIMenuBtn" time="1.871"/>
  <testcase classname="carttestcases.UI" name="checkCartUIPriceTags" time="1.951"/>
  <testcase classname="carttestcases.UI" name="checkCartUIPriceTagsWithoutItems" time="1.305"/>
  <testcase classname="carttestcases.UI" name="checkCartUIProducts" time="1.891"/>
  <testcase classname="carttestcases.UI" name="checkCartUIProductsWithoutItems" time="1.337"/>
  <testcase classname="carttestcases.UI" name="checkCartUIRemoveBtn" time="1.865"/>
  <testcase classname="carttestcases.UI" name="checkCartUIRemoveBtnWithoutItems" time="1.989"/>
  <testcase classname="carttestcases.UI" name="checkCartUITwitterBtn" time="1.945"/>
  <testcase classname="checkout.Functional" name="press_cancelButton" time="2.147"/>
  <testcase classname="checkout.Functional" name="press_continue" time="2.077"/>
  <testcase classname="checkout.UI" name="checkUICancelBtn" time="2.139"/>
  <testcase classname="checkout.UI" name="checkUICartContainer" time="1.875"/>
  <testcase classname="checkout.UI" name="checkUIContinueBtn" time="2.84"/>
  <testcase classname="checkout.UI" name="checkUIFaceBookBtn" time="1.95"/>
  <testcase classname="checkout.UI" name="checkUIFirstNameField" time="1.974"/>
  <testcase classname="checkout.UI" name="checkUILastName" time="1.93"/>
  <testcase classname="checkout.UI" name="checkUILinkedInBtn" time="1.888"/>
  <testcase classname="checkout.UI" name="checkUILogo" time="1.977"/>
  <testcase classname="checkout.UI" name="checkUIMenuBtn" time="1.974"/>
  <testcase classname="checkout.UI" name="checkUIPostalCode" time="1.933"/>
  <testcase classname="checkout.UI" name="checkUITwitterBtn" time="3.062"/>
  <testcase classname="checkoutpreview.Functional" name="cancelling" time="2.155"/>
  <testcase classname="checkoutpreview.Functional" name="ordering" time="2.105"/>
  <testcase classname="checkoutpreview.UI" name="checkUI" time="2.264"/>
  <testcase classname="checkoutpreview.UI" name="checkUICartContainer" time="2.061"/>
  <testcase classname="checkoutpreview.UI" name="checkUIFacebookBtn" time="2.08"/>
  <testcase classname="checkoutpreview.UI" name="checkUIFinishBtn" time="2.097"/>
  <testcase classname="checkoutpreview.UI" name="checkUILinkenInBtn" time="2.077"/>
  <testcase classname="checkoutpreview.UI" name="checkUILogo" time="2.138"/>
  <testcase classname="checkoutpreview.UI" name="checkUIMenu" time="2.08"/>
  <testcase classname="checkoutpreview.UI" name="checkUIPriceAfterTax" time="2.073"/>
  <testcase classname="checkoutpreview.UI" name="checkUIPriceBeforeTax" time="2.132"/>
  <testcase classname="checkoutpreview.UI" name="checkUITax" time="2.099"/>
  <testcase classname="checkoutpreview.UI" name="checkUITwitterBtn" time="2.113"/>
  <testcase classname="completeCheckout.Functional" name="pressBackBtn" time="3.091"/>
  <testcase classname="completeCheckout.UI" name="checkUI" time="2.145"/>
  <testcase classname="completeCheckout.UI" name="checkUICart" time="2.165"/>
  <testcase classname="completeCheckout.UI" name="checkUICompleteContainer" time="2.212"/>
  <testcase classname="completeCheckout.UI" name="checkUICompletionImg" time="2.137"/>
  <testcase classname="completeCheckout.UI" name="checkUICompletionText" time="2.174"/>
  <testcase classname="completeCheckout.UI" name="checkUIFaceBookBtn" time="2.116"/>
  <testcase classname="completeCheckout.UI" name="checkUILinkedInBtn" time="2.226"/>
  <testcase classname="completeCheckout.UI" name="checkUILogo" time="2.122"/>
  <testcase classname="completeCheckout.UI" name="checkUIMenuBtn" time="2.092"/>
  <testcase classname="completeCheckout.UI" name="checkUITwitterBtn" time="2.138"/>
  <testcase classname="endtoend.EndToEnd" name="EndToEndtest" time="1.701"/>
</testsuite> <!-- test -->
